info: ::1 - - [02/Jun/2022:18:59:02 +0000] "POST /api/v1/users/register HTTP/1.1" 201 330 "-" "PostmanRuntime/7.29.0"

info: ::1 - - [02/Jun/2022:18:59:29 +0000] "POST /api/v1/users/login HTTP/1.1" 200 254 "-" "PostmanRuntime/7.29.0"

info: ::1 - - [02/Jun/2022:19:00:18 +0000] "POST /api/v1/users/forget HTTP/1.1" 200 51 "-" "PostmanRuntime/7.29.0"

info: ::1 - - [02/Jun/2022:19:02:38 +0000] "PUT /api/v1/users/reset HTTP/1.1" 400 57 "-" "PostmanRuntime/7.29.0"

info: ::1 - - [02/Jun/2022:19:03:09 +0000] "PUT /api/v1/users/reset HTTP/1.1" 200 332 "-" "PostmanRuntime/7.29.0"

info: ::1 - - [02/Jun/2022:19:06:11 +0000] "POST /api/v1/users/forget HTTP/1.1" 200 51 "-" "PostmanRuntime/7.29.0"

info: ::1 - - [02/Jun/2022:19:07:40 +0000] "PUT /api/v1/users/forget HTTP/1.1" 404 47 "-" "PostmanRuntime/7.29.0"

info: ::1 - - [02/Jun/2022:19:07:50 +0000] "PUT /api/v1/users/reset HTTP/1.1" 400 141 "-" "PostmanRuntime/7.29.0"

info: ::1 - - [02/Jun/2022:19:10:13 +0000] "PUT /api/v1/users/reset HTTP/1.1" 400 141 "-" "PostmanRuntime/7.29.0"

info: ::1 - - [02/Jun/2022:19:10:37 +0000] "PUT /api/v1/users/reset HTTP/1.1" 400 141 "-" "PostmanRuntime/7.29.0"

info: ::1 - - [02/Jun/2022:19:11:00 +0000] "PUT /api/v1/users/reset HTTP/1.1" 200 332 "-" "PostmanRuntime/7.29.0"

info: ::1 - - [02/Jun/2022:19:12:25 +0000] "POST /api/v1/users/login HTTP/1.1" 200 254 "-" "PostmanRuntime/7.29.0"

info: ::1 - - [02/Jun/2022:19:18:03 +0000] "POST /api/v1/users/login HTTP/1.1" 200 254 "-" "PostmanRuntime/7.29.0"

info: ::1 - - [02/Jun/2022:19:19:15 +0000] "POST /api/v1/cart//add_cart_item/6215178d05253301a4fda5c4 HTTP/1.1" 500 51 "-" "PostmanRuntime/7.29.0"

info: ::1 - - [02/Jun/2022:19:19:46 +0000] "POST /api/v1/cart//add_cart_item/6214803b05253301a4fda584 HTTP/1.1" 500 51 "-" "PostmanRuntime/7.29.0"

info: ::1 - - [02/Jun/2022:19:19:58 +0000] "POST /api/v1/cart//add_cart_item/616fdcc474dbc1000e41e655 HTTP/1.1" 500 51 "-" "PostmanRuntime/7.29.0"

info: ::1 - - [02/Jun/2022:19:20:37 +0000] "POST /api/v1/users/forget HTTP/1.1" 200 51 "-" "PostmanRuntime/7.29.0"

info: ::1 - - [02/Jun/2022:19:22:00 +0000] "PUT /api/v1/users/reset HTTP/1.1" 200 334 "-" "PostmanRuntime/7.29.0"

info: ::1 - - [02/Jun/2022:19:23:41 +0000] "POST /api/v1/cart//add_cart_item/616fdcc474dbc1000e41e655 HTTP/1.1" 500 51 "-" "PostmanRuntime/7.29.0"

info: ::1 - - [02/Jun/2022:19:31:38 +0000] "GET /api-docs/ HTTP/1.1" 304 - "-" "Mozilla/5.0 (Windows NT 10.0; Win64; x64) AppleWebKit/537.36 (KHTML, like Gecko) Chrome/102.0.0.0 Safari/537.36"

info: ::1 - - [02/Jun/2022:19:31:38 +0000] "GET /api-docs/swagger-ui.css HTTP/1.1" 304 - "-" "Mozilla/5.0 (Windows NT 10.0; Win64; x64) AppleWebKit/537.36 (KHTML, like Gecko) Chrome/102.0.0.0 Safari/537.36"

info: ::1 - - [02/Jun/2022:19:31:38 +0000] "GET /api-docs/swagger-ui-bundle.js HTTP/1.1" 304 - "-" "Mozilla/5.0 (Windows NT 10.0; Win64; x64) AppleWebKit/537.36 (KHTML, like Gecko) Chrome/102.0.0.0 Safari/537.36"

info: ::1 - - [02/Jun/2022:19:31:38 +0000] "GET /api-docs/swagger-ui-init.js HTTP/1.1" 200 6953 "-" "Mozilla/5.0 (Windows NT 10.0; Win64; x64) AppleWebKit/537.36 (KHTML, like Gecko) Chrome/102.0.0.0 Safari/537.36"

info: ::1 - - [02/Jun/2022:19:31:38 +0000] "GET /api-docs/swagger-ui-standalone-preset.js HTTP/1.1" 304 - "-" "Mozilla/5.0 (Windows NT 10.0; Win64; x64) AppleWebKit/537.36 (KHTML, like Gecko) Chrome/102.0.0.0 Safari/537.36"

info: ::1 - - [02/Jun/2022:19:31:38 +0000] "GET /api-docs/favicon-32x32.png HTTP/1.1" 304 - "-" "Mozilla/5.0 (Windows NT 10.0; Win64; x64) AppleWebKit/537.36 (KHTML, like Gecko) Chrome/102.0.0.0 Safari/537.36"

info: ::1 - - [02/Jun/2022:19:32:16 +0000] "GET /api/v1/cart/add_cart_item/%7BbookId%7D HTTP/1.1" 404 47 "-" "Mozilla/5.0 (Windows NT 10.0; Win64; x64) AppleWebKit/537.36 (KHTML, like Gecko) Chrome/102.0.0.0 Safari/537.36"

info: ::1 - - [02/Jun/2022:19:32:51 +0000] "GET /api-docs/ HTTP/1.1" 304 - "-" "Mozilla/5.0 (Windows NT 10.0; Win64; x64) AppleWebKit/537.36 (KHTML, like Gecko) Chrome/102.0.0.0 Safari/537.36"

info: ::1 - - [02/Jun/2022:19:32:51 +0000] "GET /api-docs/swagger-ui.css HTTP/1.1" 304 - "-" "Mozilla/5.0 (Windows NT 10.0; Win64; x64) AppleWebKit/537.36 (KHTML, like Gecko) Chrome/102.0.0.0 Safari/537.36"

info: ::1 - - [02/Jun/2022:19:32:51 +0000] "GET /api-docs/swagger-ui-bundle.js HTTP/1.1" 304 - "-" "Mozilla/5.0 (Windows NT 10.0; Win64; x64) AppleWebKit/537.36 (KHTML, like Gecko) Chrome/102.0.0.0 Safari/537.36"

info: ::1 - - [02/Jun/2022:19:32:51 +0000] "GET /api-docs/swagger-ui-init.js HTTP/1.1" 200 6954 "-" "Mozilla/5.0 (Windows NT 10.0; Win64; x64) AppleWebKit/537.36 (KHTML, like Gecko) Chrome/102.0.0.0 Safari/537.36"

info: ::1 - - [02/Jun/2022:19:32:51 +0000] "GET /api-docs/swagger-ui-standalone-preset.js HTTP/1.1" 304 - "-" "Mozilla/5.0 (Windows NT 10.0; Win64; x64) AppleWebKit/537.36 (KHTML, like Gecko) Chrome/102.0.0.0 Safari/537.36"

info: ::1 - - [02/Jun/2022:19:32:51 +0000] "GET /api-docs/swagger-ui-init.js HTTP/1.1" 200 6954 "-" "Mozilla/5.0 (Windows NT 10.0; Win64; x64) AppleWebKit/537.36 (KHTML, like Gecko) Chrome/102.0.0.0 Safari/537.36"

info: ::1 - - [02/Jun/2022:19:32:51 +0000] "GET /api-docs/favicon-32x32.png HTTP/1.1" 304 - "-" "Mozilla/5.0 (Windows NT 10.0; Win64; x64) AppleWebKit/537.36 (KHTML, like Gecko) Chrome/102.0.0.0 Safari/537.36"

info: ::1 - - [02/Jun/2022:19:33:32 +0000] "POST /api/v1/cart/add_cart_item/%7BbookId%7D HTTP/1.1" 500 51 "-" "Mozilla/5.0 (Windows NT 10.0; Win64; x64) AppleWebKit/537.36 (KHTML, like Gecko) Chrome/102.0.0.0 Safari/537.36"

info: ::1 - - [02/Jun/2022:19:47:34 +0000] "POST /api/v1/cart//add_cart_item/616fdcc474dbc1000e41e655 HTTP/1.1" 500 51 "-" "PostmanRuntime/7.29.0"

info: ::1 - - [02/Jun/2022:19:49:25 +0000] "POST /api/v1/cart//add_cart_item/616fdcc474dbc1000e41e655 HTTP/1.1" 500 51 "-" "PostmanRuntime/7.29.0"

info: ::1 - - [02/Jun/2022:19:52:52 +0000] "POST /api/v1/cart//add_cart_item/616fdcc474dbc1000e41e655 HTTP/1.1" 500 51 "-" "PostmanRuntime/7.29.0"

info: ::1 - - [02/Jun/2022:19:53:55 +0000] "POST /api/v1/cart//add_cart_item/616fdcc474dbc1000e41e655 HTTP/1.1" 500 51 "-" "PostmanRuntime/7.29.0"

info: ::1 - - [02/Jun/2022:19:54:17 +0000] "POST /api/v1/cart//add_cart_item/616fdcc474dbc1000e41e655 HTTP/1.1" 500 51 "-" "PostmanRuntime/7.29.0"

info: ::1 - - [02/Jun/2022:19:54:49 +0000] "POST /api/v1/cart//add_cart_item/616fdcc474dbc1000e41e655 HTTP/1.1" 500 51 "-" "PostmanRuntime/7.29.0"

info: ::1 - - [02/Jun/2022:19:55:11 +0000] "POST /api/v1/cart//add_cart_item/616fdcc474dbc1000e41e655 HTTP/1.1" 500 51 "-" "PostmanRuntime/7.29.0"

info: ::1 - - [03/Jun/2022:02:49:57 +0000] "POST /api/v1/cart//add_cart_item/616fdcc474dbc1000e41e655 HTTP/1.1" 500 51 "-" "PostmanRuntime/7.29.0"

info: ::1 - - [03/Jun/2022:02:52:19 +0000] "POST /api/v1/cart//add_cart_item/616fdcc474dbc1000e41e655 HTTP/1.1" 500 51 "-" "PostmanRuntime/7.29.0"

info: ::1 - - [03/Jun/2022:02:58:51 +0000] "POST /api/v1/users/forget HTTP/1.1" 500 83 "-" "PostmanRuntime/7.29.0"

info: ::1 - - [03/Jun/2022:03:00:55 +0000] "POST /api/v1/users/forget HTTP/1.1" 500 58 "-" "PostmanRuntime/7.29.0"

info: ::1 - - [03/Jun/2022:03:03:04 +0000] "POST /api/v1/users/register HTTP/1.1" 201 329 "-" "PostmanRuntime/7.29.0"

info: ::1 - - [03/Jun/2022:03:03:29 +0000] "POST /api/v1/users/login HTTP/1.1" 200 253 "-" "PostmanRuntime/7.29.0"

info: ::1 - - [03/Jun/2022:03:04:10 +0000] "POST /api/v1/users/forget HTTP/1.1" 200 51 "-" "PostmanRuntime/7.29.0"

info: ::1 - - [03/Jun/2022:03:06:02 +0000] "PUT /api/v1/users/reset HTTP/1.1" 400 57 "-" "PostmanRuntime/7.29.0"

info: ::1 - - [03/Jun/2022:03:06:34 +0000] "PUT /api/v1/users/reset HTTP/1.1" 200 334 "-" "PostmanRuntime/7.29.0"

info: ::1 - - [03/Jun/2022:03:07:50 +0000] "POST /api/v1/cart//add_cart_item/6215888305253301a4fda5cd HTTP/1.1" 500 51 "-" "PostmanRuntime/7.29.0"

info: ::1 - - [03/Jun/2022:03:08:22 +0000] "POST /api/v1/cart/add_cart_item/6215888305253301a4fda5cd HTTP/1.1" 500 51 "-" "PostmanRuntime/7.29.0"

info: ::1 - - [03/Jun/2022:03:10:07 +0000] "POST /api/v1/cart/add_cart_item/6215888305253301a4fda5cd HTTP/1.1" 500 57 "-" "PostmanRuntime/7.29.0"

info: ::1 - - [03/Jun/2022:03:11:57 +0000] "POST /api/v1/cart/add_cart_item/6215888305253301a4fda5cd HTTP/1.1" 200 341 "-" "PostmanRuntime/7.29.0"

info: ::1 - - [03/Jun/2022:03:15:16 +0000] "POST /api/v1/cart/add_cart_item/6215888305253301a4fda5cd HTTP/1.1" 200 375 "-" "PostmanRuntime/7.29.0"

info: ::1 - - [03/Jun/2022:03:15:52 +0000] "POST /api/v1/cart/add_cart_item/621588f105253301a4fda5d0 HTTP/1.1" 200 54 "-" "PostmanRuntime/7.29.0"

info: ::1 - - [03/Jun/2022:03:18:03 +0000] "POST /api/v1/cart/add_cart_item/621588f105253301a4fda5d0 HTTP/1.1" 500 158 "-" "PostmanRuntime/7.29.0"

info: ::1 - - [03/Jun/2022:03:19:33 +0000] "POST /api/v1/cart/add_cart_item/621588f105253301a4fda5d0 HTTP/1.1" 200 375 "-" "PostmanRuntime/7.29.0"

info: ::1 - - [03/Jun/2022:03:20:17 +0000] "POST /api/v1/cart/add_cart_item/6215897105253301a4fda5d5 HTTP/1.1" 200 495 "-" "PostmanRuntime/7.29.0"

info: ::1 - - [03/Jun/2022:03:22:55 +0000] "POST /api/v1/cart/add_cart_item/6215899f05253301a4fda5d7 HTTP/1.1" 200 375 "-" "PostmanRuntime/7.29.0"

info: ::1 - - [03/Jun/2022:03:23:10 +0000] "POST /api/v1/cart/add_cart_item/6215888305253301a4fda5cd HTTP/1.1" 200 499 "-" "PostmanRuntime/7.29.0"

info: ::1 - - [03/Jun/2022:11:35:30 +0000] "GET /api/v1/cart/get_cart_item/6215888305253301a4fda5cd HTTP/1.1" 500 54 "-" "PostmanRuntime/7.29.0"

info: ::1 - - [03/Jun/2022:11:47:52 +0000] "GET /api/v1/cart/get_cart_item/6215888305253301a4fda5cd HTTP/1.1" 500 186 "-" "PostmanRuntime/7.29.0"

info: ::1 - - [03/Jun/2022:11:49:40 +0000] "GET /api/v1/cart/get_cart_item/6215888305253301a4fda5cd HTTP/1.1" 500 186 "-" "PostmanRuntime/7.29.0"

info: ::1 - - [03/Jun/2022:11:59:11 +0000] "GET /api/v1/cart/get_cart_item/6215888305253301a4fda5cd HTTP/1.1" 200 509 "-" "PostmanRuntime/7.29.0"

info: ::1 - - [03/Jun/2022:12:00:30 +0000] "GET /api/v1/cart/get_cart_item HTTP/1.1" 200 509 "-" "PostmanRuntime/7.29.0"

info: ::1 - - [03/Jun/2022:12:01:23 +0000] "POST /api/v1/cart/add_cart_item/6215898705253301a4fda5d6 HTTP/1.1" 200 613 "-" "PostmanRuntime/7.29.0"

info: ::1 - - [03/Jun/2022:12:01:53 +0000] "GET /api/v1/cart/get_cart_item HTTP/1.1" 200 623 "-" "PostmanRuntime/7.29.0"

info: ::1 - - [03/Jun/2022:12:02:37 +0000] "GET /api/v1/cart/get_cart_item HTTP/1.1" 200 623 "-" "PostmanRuntime/7.29.0"

info: ::1 - - [03/Jun/2022:12:06:49 +0000] "GET /api-docs/ HTTP/1.1" 304 - "-" "Mozilla/5.0 (Windows NT 10.0; Win64; x64) AppleWebKit/537.36 (KHTML, like Gecko) Chrome/102.0.0.0 Safari/537.36"

info: ::1 - - [03/Jun/2022:12:06:50 +0000] "GET /api-docs/swagger-ui.css HTTP/1.1" 304 - "-" "Mozilla/5.0 (Windows NT 10.0; Win64; x64) AppleWebKit/537.36 (KHTML, like Gecko) Chrome/102.0.0.0 Safari/537.36"

info: ::1 - - [03/Jun/2022:12:06:50 +0000] "GET /api-docs/swagger-ui-bundle.js HTTP/1.1" 304 - "-" "Mozilla/5.0 (Windows NT 10.0; Win64; x64) AppleWebKit/537.36 (KHTML, like Gecko) Chrome/102.0.0.0 Safari/537.36"

info: ::1 - - [03/Jun/2022:12:06:50 +0000] "GET /api-docs/swagger-ui-standalone-preset.js HTTP/1.1" 304 - "-" "Mozilla/5.0 (Windows NT 10.0; Win64; x64) AppleWebKit/537.36 (KHTML, like Gecko) Chrome/102.0.0.0 Safari/537.36"

info: ::1 - - [03/Jun/2022:12:06:50 +0000] "GET /api-docs/swagger-ui-init.js HTTP/1.1" 200 7649 "-" "Mozilla/5.0 (Windows NT 10.0; Win64; x64) AppleWebKit/537.36 (KHTML, like Gecko) Chrome/102.0.0.0 Safari/537.36"

info: ::1 - - [03/Jun/2022:12:06:51 +0000] "GET /api-docs/favicon-32x32.png HTTP/1.1" 304 - "-" "Mozilla/5.0 (Windows NT 10.0; Win64; x64) AppleWebKit/537.36 (KHTML, like Gecko) Chrome/102.0.0.0 Safari/537.36"

info: ::1 - - [03/Jun/2022:12:08:04 +0000] "POST /api/v1/users/login HTTP/1.1" 500 54 "-" "PostmanRuntime/7.29.0"

info: ::1 - - [03/Jun/2022:12:10:15 +0000] "POST /api/v1/users/login HTTP/1.1" 500 54 "-" "PostmanRuntime/7.29.0"

info: ::1 - - [03/Jun/2022:12:10:23 +0000] "POST /api/v1/users/register HTTP/1.1" 201 331 "-" "PostmanRuntime/7.29.0"

info: ::1 - - [03/Jun/2022:12:10:58 +0000] "POST /api/v1/users/login HTTP/1.1" 200 253 "-" "PostmanRuntime/7.29.0"

info: ::1 - - [03/Jun/2022:12:11:50 +0000] "POST /api/v1/users/forget HTTP/1.1" 200 51 "-" "PostmanRuntime/7.29.0"

info: ::1 - - [03/Jun/2022:12:13:13 +0000] "PUT /api/v1/users/reset HTTP/1.1" 200 336 "-" "PostmanRuntime/7.29.0"

info: ::1 - - [03/Jun/2022:12:14:45 +0000] "POST /api/v1/users/forget HTTP/1.1" 500 58 "-" "PostmanRuntime/7.29.0"

info: ::1 - - [03/Jun/2022:12:16:19 +0000] "POST /api/v1/users/register HTTP/1.1" 201 331 "-" "PostmanRuntime/7.29.0"

info: ::1 - - [03/Jun/2022:12:16:44 +0000] "POST /api/v1/users/login HTTP/1.1" 200 253 "-" "PostmanRuntime/7.29.0"

info: ::1 - - [03/Jun/2022:12:17:26 +0000] "POST /api/v1/users/forget HTTP/1.1" 200 51 "-" "PostmanRuntime/7.29.0"

info: ::1 - - [03/Jun/2022:12:18:48 +0000] "GET /api/v1/users/reset HTTP/1.1" 404 47 "-" "PostmanRuntime/7.29.0"

info: ::1 - - [03/Jun/2022:12:19:05 +0000] "PUT /api/v1/users/reset HTTP/1.1" 400 141 "-" "PostmanRuntime/7.29.0"

info: ::1 - - [03/Jun/2022:12:19:47 +0000] "PUT /api/v1/users/reset HTTP/1.1" 400 141 "-" "PostmanRuntime/7.29.0"

info: ::1 - - [03/Jun/2022:12:22:36 +0000] "PUT /api/v1/users/reset HTTP/1.1" 400 141 "-" "PostmanRuntime/7.29.0"

info: ::1 - - [03/Jun/2022:12:28:38 +0000] "PUT /api/v1/users/reset HTTP/1.1" 200 64 "-" "PostmanRuntime/7.29.0"

info: ::1 - - [03/Jun/2022:12:29:00 +0000] "POST /api/v1/users/login HTTP/1.1" 500 58 "-" "PostmanRuntime/7.29.0"

info: ::1 - - [03/Jun/2022:12:29:08 +0000] "POST /api/v1/users/login HTTP/1.1" 200 253 "-" "PostmanRuntime/7.29.0"

info: ::1 - - [03/Jun/2022:12:29:51 +0000] "POST /api/v1/users/forget HTTP/1.1" 404 60 "-" "PostmanRuntime/7.29.0"

info: ::1 - - [03/Jun/2022:12:31:10 +0000] "POST /api/v1/users/forget HTTP/1.1" 404 84 "-" "PostmanRuntime/7.29.0"

info: ::1 - - [03/Jun/2022:12:31:31 +0000] "POST /api/v1/users/forget HTTP/1.1" 404 55 "-" "PostmanRuntime/7.29.0"

info: ::1 - - [03/Jun/2022:12:32:11 +0000] "POST /api/v1/users/forget HTTP/1.1" 404 83 "-" "PostmanRuntime/7.29.0"

info: ::1 - - [03/Jun/2022:12:35:52 +0000] "POST /api/v1/users/forget HTTP/1.1" 200 51 "-" "PostmanRuntime/7.29.0"

info: ::1 - - [03/Jun/2022:12:36:57 +0000] "PUT /api/v1/users/reset HTTP/1.1" 200 64 "-" "PostmanRuntime/7.29.0"

info: ::1 - - [03/Jun/2022:12:41:24 +0000] "PUT /api/v1/users/reset HTTP/1.1" 400 143 "-" "PostmanRuntime/7.29.0"

info: ::1 - - [03/Jun/2022:12:42:10 +0000] "PUT /api/v1/users/reset HTTP/1.1" 400 143 "-" "PostmanRuntime/7.29.0"

info: ::1 - - [03/Jun/2022:13:01:00 +0000] "PUT /api/v1/users/reset HTTP/1.1" 400 141 "-" "PostmanRuntime/7.29.0"

info: ::1 - - [03/Jun/2022:13:01:26 +0000] "PUT /api/v1/users/reset HTTP/1.1" 400 141 "-" "PostmanRuntime/7.29.0"

info: ::1 - - [03/Jun/2022:13:01:55 +0000] "PUT /api/v1/users/reset HTTP/1.1" 400 141 "-" "PostmanRuntime/7.29.0"

info: ::1 - - [03/Jun/2022:13:02:32 +0000] "PUT /api/v1/users/reset HTTP/1.1" 400 141 "-" "PostmanRuntime/7.29.0"

info: ::1 - - [03/Jun/2022:13:03:04 +0000] "POST /api/v1/users/forget HTTP/1.1" 200 51 "-" "PostmanRuntime/7.29.0"

info: ::1 - - [03/Jun/2022:13:04:14 +0000] "PUT /api/v1/users/reset HTTP/1.1" 400 141 "-" "PostmanRuntime/7.29.0"

info: ::1 - - [03/Jun/2022:13:05:41 +0000] "PUT /api/v1/users/reset HTTP/1.1" 200 333 "-" "PostmanRuntime/7.29.0"

info: ::1 - - [03/Jun/2022:13:06:42 +0000] "POST /api/v1/users/login HTTP/1.1" 200 253 "-" "PostmanRuntime/7.29.0"

info: ::1 - - [03/Jun/2022:13:08:01 +0000] "GET /api/v1/cart/get_cart_item HTTP/1.1" 200 623 "-" "PostmanRuntime/7.29.0"

