info: Server started at http://localhost:3000/api/v1/ {"timestamp":"2022-05-31T07:10:45.187Z"}
info: Connected to the database. {"timestamp":"2022-05-31T07:10:47.700Z"}
info: Server started at http://localhost:3000/api/v1/ {"timestamp":"2022-05-31T07:11:47.441Z"}
info: Connected to the database. {"timestamp":"2022-05-31T07:11:49.963Z"}
info: Connected to the database. {"timestamp":"2022-05-31T09:18:20.758Z"}
info: Connected to the database. {"timestamp":"2022-05-31T09:19:23.321Z"}
info: Connected to the database. {"timestamp":"2022-05-31T10:02:36.471Z"}
info: Connected to the database. {"timestamp":"2022-05-31T10:03:35.190Z"}
info: Connected to the database. {"timestamp":"2022-05-31T10:03:42.386Z"}
info: Connected to the database. {"timestamp":"2022-05-31T10:03:53.940Z"}
info: Connected to the database. {"timestamp":"2022-05-31T10:04:04.753Z"}
info: Connected to the database. {"timestamp":"2022-05-31T10:04:12.475Z"}
info: Connected to the database. {"timestamp":"2022-05-31T10:06:23.618Z"}
info: Connected to the database. {"timestamp":"2022-05-31T10:06:29.417Z"}
info: Connected to the database. {"timestamp":"2022-05-31T10:06:35.803Z"}
info: Connected to the database. {"timestamp":"2022-05-31T10:06:48.931Z"}
info: Connected to the database. {"timestamp":"2022-05-31T10:10:30.748Z"}
info: Connected to the database. {"timestamp":"2022-05-31T10:10:45.361Z"}
info: Connected to the database. {"timestamp":"2022-05-31T10:13:55.376Z"}
info: Connected to the database. {"timestamp":"2022-05-31T17:33:59.318Z"}
info: Connected to the database. {"timestamp":"2022-05-31T17:34:18.174Z"}
info: Connected to the database. {"timestamp":"2022-05-31T17:34:20.135Z"}
info: Connected to the database. {"timestamp":"2022-05-31T17:34:48.562Z"}
info: Connected to the database. {"timestamp":"2022-05-31T17:35:14.321Z"}
info: Server started at http://localhost:3002/api/v1/ {"timestamp":"2022-05-31T17:41:30.556Z"}
info: Connected to the database. {"timestamp":"2022-05-31T17:41:30.594Z"}
info: Server started at http://localhost:3002/api/v1/ {"timestamp":"2022-05-31T17:42:52.639Z"}
info: Connected to the database. {"timestamp":"2022-05-31T17:42:52.704Z"}
info: Server started at http://localhost:3002/api/v1/ {"timestamp":"2022-05-31T17:43:25.281Z"}
info: Connected to the database. {"timestamp":"2022-05-31T17:43:25.329Z"}
info: Connected to the database. {"timestamp":"2022-05-31T17:43:29.932Z"}
info: Connected to the database. {"timestamp":"2022-05-31T17:43:42.751Z"}
info: Connected to the database. {"timestamp":"2022-05-31T17:43:51.596Z"}
info: Connected to the database. {"timestamp":"2022-05-31T17:44:18.067Z"}
info: Connected to the database. {"timestamp":"2022-05-31T17:44:36.764Z"}
info: Connected to the database. {"timestamp":"2022-05-31T17:45:48.285Z"}
info: Connected to the database. {"timestamp":"2022-05-31T17:46:32.278Z"}
info: Connected to the database. {"timestamp":"2022-05-31T17:47:01.583Z"}
info: Server started at http://localhost:3003/api/v1/ {"timestamp":"2022-05-31T17:51:00.916Z"}
info: Connected to the database. {"timestamp":"2022-05-31T17:51:00.943Z"}
error: 
    status - 500 
    message - ReferenceError: bcrypt is not defined
    at _callee2$ (F:\Study Material\ExpressNodejs\bookstore\src\services\/user.service.js:15:33)
    at tryCatch (F:\Study Material\ExpressNodejs\bookstore\node_modules\@babel\runtime\helpers\regeneratorRuntime.js:86:17)
    at Generator._invoke (F:\Study Material\ExpressNodejs\bookstore\node_modules\@babel\runtime\helpers\regeneratorRuntime.js:66:24)
    at Generator.next (F:\Study Material\ExpressNodejs\bookstore\node_modules\@babel\runtime\helpers\regeneratorRuntime.js:117:21)
    at asyncGeneratorStep (F:\Study Material\ExpressNodejs\bookstore\node_modules\@babel\runtime\helpers\asyncToGenerator.js:3:24)
    at _next (F:\Study Material\ExpressNodejs\bookstore\node_modules\@babel\runtime\helpers\asyncToGenerator.js:25:9)
    at F:\Study Material\ExpressNodejs\bookstore\node_modules\@babel\runtime\helpers\asyncToGenerator.js:32:7
    at new Promise (<anonymous>)
    at Object.<anonymous> (F:\Study Material\ExpressNodejs\bookstore\node_modules\@babel\runtime\helpers\asyncToGenerator.js:21:12)
    at Object.userRegistration (F:\Study Material\ExpressNodejs\bookstore\src\services\/user.service.js:15:30)
    at _callee2$ (F:\Study Material\ExpressNodejs\bookstore\src\controllers\/user.controller.js:31:36)
    at tryCatch (F:\Study Material\ExpressNodejs\bookstore\node_modules\@babel\runtime\helpers\regeneratorRuntime.js:86:17)
    at Generator._invoke (F:\Study Material\ExpressNodejs\bookstore\node_modules\@babel\runtime\helpers\regeneratorRuntime.js:66:24)
    at Generator.next (F:\Study Material\ExpressNodejs\bookstore\node_modules\@babel\runtime\helpers\regeneratorRuntime.js:117:21)
    at asyncGeneratorStep (F:\Study Material\ExpressNodejs\bookstore\node_modules\@babel\runtime\helpers\asyncToGenerator.js:3:24)
    at _next (F:\Study Material\ExpressNodejs\bookstore\node_modules\@babel\runtime\helpers\asyncToGenerator.js:25:9) 
    url - /api/v1/users/register 
    method - POST 
    IP - ::1
   {"timestamp":"2022-05-31T17:56:45.347Z"}
info: Server started at http://localhost:3003/api/v1/ {"timestamp":"2022-05-31T18:01:19.025Z"}
info: Connected to the database. {"timestamp":"2022-05-31T18:01:19.071Z"}
info: Server started at http://localhost:3003/api/v1/ {"timestamp":"2022-05-31T18:12:07.130Z"}
info: Connected to the database. {"timestamp":"2022-05-31T18:12:07.174Z"}
info: Server started at http://localhost:3003/api/v1/ {"timestamp":"2022-05-31T18:12:19.946Z"}
info: Connected to the database. {"timestamp":"2022-05-31T18:12:19.981Z"}
info: Server started at http://localhost:3003/api/v1/ {"timestamp":"2022-05-31T18:12:33.570Z"}
info: Connected to the database. {"timestamp":"2022-05-31T18:12:33.601Z"}
error: 
    status - 500 
    message - TypeError: Cannot read properties of undefined (reading 'email')
    at _callee$ (F:\Study Material\ExpressNodejs\bookstore\src\middlewares\/auth.middleware.js:22:35)
    at tryCatch (F:\Study Material\ExpressNodejs\bookstore\node_modules\@babel\runtime\helpers\regeneratorRuntime.js:86:17)
    at Generator._invoke (F:\Study Material\ExpressNodejs\bookstore\node_modules\@babel\runtime\helpers\regeneratorRuntime.js:66:24)
    at Generator.next (F:\Study Material\ExpressNodejs\bookstore\node_modules\@babel\runtime\helpers\regeneratorRuntime.js:117:21)
    at asyncGeneratorStep (F:\Study Material\ExpressNodejs\bookstore\node_modules\@babel\runtime\helpers\asyncToGenerator.js:3:24)
    at _next (F:\Study Material\ExpressNodejs\bookstore\node_modules\@babel\runtime\helpers\asyncToGenerator.js:25:9)
    at processTicksAndRejections (node:internal/process/task_queues:96:5) 
    url - /api/v1/books 
    method - GET 
    IP - ::1
   {"timestamp":"2022-05-31T18:14:44.511Z"}
error: 
    status - 500 
    message - TypeError: Cannot read properties of undefined (reading 'email')
    at _callee$ (F:\Study Material\ExpressNodejs\bookstore\src\middlewares\/auth.middleware.js:22:35)
    at tryCatch (F:\Study Material\ExpressNodejs\bookstore\node_modules\@babel\runtime\helpers\regeneratorRuntime.js:86:17)
    at Generator._invoke (F:\Study Material\ExpressNodejs\bookstore\node_modules\@babel\runtime\helpers\regeneratorRuntime.js:66:24)
    at Generator.next (F:\Study Material\ExpressNodejs\bookstore\node_modules\@babel\runtime\helpers\regeneratorRuntime.js:117:21)
    at asyncGeneratorStep (F:\Study Material\ExpressNodejs\bookstore\node_modules\@babel\runtime\helpers\asyncToGenerator.js:3:24)
    at _next (F:\Study Material\ExpressNodejs\bookstore\node_modules\@babel\runtime\helpers\asyncToGenerator.js:25:9)
    at processTicksAndRejections (node:internal/process/task_queues:96:5) 
    url - /api/v1/books 
    method - GET 
    IP - ::1
   {"timestamp":"2022-05-31T18:15:33.680Z"}
error: 
    status - 500 
    message - TypeError: Cannot read properties of undefined (reading 'email')
    at _callee$ (F:\Study Material\ExpressNodejs\bookstore\src\middlewares\/auth.middleware.js:22:35)
    at tryCatch (F:\Study Material\ExpressNodejs\bookstore\node_modules\@babel\runtime\helpers\regeneratorRuntime.js:86:17)
    at Generator._invoke (F:\Study Material\ExpressNodejs\bookstore\node_modules\@babel\runtime\helpers\regeneratorRuntime.js:66:24)
    at Generator.next (F:\Study Material\ExpressNodejs\bookstore\node_modules\@babel\runtime\helpers\regeneratorRuntime.js:117:21)
    at asyncGeneratorStep (F:\Study Material\ExpressNodejs\bookstore\node_modules\@babel\runtime\helpers\asyncToGenerator.js:3:24)
    at _next (F:\Study Material\ExpressNodejs\bookstore\node_modules\@babel\runtime\helpers\asyncToGenerator.js:25:9)
    at processTicksAndRejections (node:internal/process/task_queues:96:5) 
    url - /api/v1/books 
    method - GET 
    IP - ::1
   {"timestamp":"2022-05-31T18:15:58.895Z"}
info: Server started at http://localhost:3003/api/v1/ {"timestamp":"2022-05-31T18:17:34.165Z"}
info: Connected to the database. {"timestamp":"2022-05-31T18:17:34.202Z"}
info: Server started at http://localhost:3003/api/v1/ {"timestamp":"2022-05-31T18:18:05.145Z"}
info: Connected to the database. {"timestamp":"2022-05-31T18:18:05.173Z"}
