info: Server started at http://localhost:3003/api/v1/ {"timestamp":"2022-06-06T19:57:10.510Z"}
info: Connected to the database. {"timestamp":"2022-06-06T19:57:10.584Z"}
info: Server started at http://localhost:3003/api/v1/ {"timestamp":"2022-06-06T19:57:44.918Z"}
info: Connected to the database. {"timestamp":"2022-06-06T19:57:45.003Z"}
info: Server started at http://localhost:3003/api/v1/ {"timestamp":"2022-06-06T19:57:56.203Z"}
info: Connected to the database. {"timestamp":"2022-06-06T19:57:56.240Z"}
info: Server started at http://localhost:3003/api/v1/ {"timestamp":"2022-06-06T19:58:15.937Z"}
info: Connected to the database. {"timestamp":"2022-06-06T19:58:16.038Z"}
info: Server started at http://localhost:3003/api/v1/ {"timestamp":"2022-06-06T19:58:58.814Z"}
info: Connected to the database. {"timestamp":"2022-06-06T19:58:58.856Z"}
info: Server started at http://localhost:3003/api/v1/ {"timestamp":"2022-06-06T19:59:24.527Z"}
info: Connected to the database. {"timestamp":"2022-06-06T19:59:24.576Z"}
info: Connected to the database. {"timestamp":"2022-06-06T19:59:35.214Z"}
info: Server started at http://localhost:3003/api/v1/ {"timestamp":"2022-06-06T20:00:46.139Z"}
info: Connected to the database. {"timestamp":"2022-06-06T20:00:46.172Z"}
info: Server started at http://localhost:3003/api/v1/ {"timestamp":"2022-06-06T20:01:56.113Z"}
info: Connected to the database. {"timestamp":"2022-06-06T20:01:56.163Z"}
error: 
    status - 500 
    message - TypeError: #<Object> is not a function
    at CoreDocumentArray.find (<anonymous>)
    at _callee3$ (F:\Study Material\ExpressNodejs\bookstore\src\services\/cart.service.js:71:42)
    at tryCatch (F:\Study Material\ExpressNodejs\bookstore\node_modules\@babel\runtime\helpers\regeneratorRuntime.js:86:17)
    at Generator._invoke (F:\Study Material\ExpressNodejs\bookstore\node_modules\@babel\runtime\helpers\regeneratorRuntime.js:66:24)
    at Generator.next (F:\Study Material\ExpressNodejs\bookstore\node_modules\@babel\runtime\helpers\regeneratorRuntime.js:117:21)
    at asyncGeneratorStep (F:\Study Material\ExpressNodejs\bookstore\node_modules\@babel\runtime\helpers\asyncToGenerator.js:3:24)
    at _next (F:\Study Material\ExpressNodejs\bookstore\node_modules\@babel\runtime\helpers\asyncToGenerator.js:25:9)
    at processTicksAndRejections (node:internal/process/task_queues:96:5) 
    url - /api/v1/cart/cart_item_quantity/629b41e8106dbe3d64a6c990 
    method - PUT 
    IP - ::1
   {"timestamp":"2022-06-06T20:03:22.855Z"}
error: 
    status - 500 
    message - TypeError: #<Object> is not a function
    at CoreDocumentArray.find (<anonymous>)
    at _callee3$ (F:\Study Material\ExpressNodejs\bookstore\src\services\/cart.service.js:71:42)
    at tryCatch (F:\Study Material\ExpressNodejs\bookstore\node_modules\@babel\runtime\helpers\regeneratorRuntime.js:86:17)
    at Generator._invoke (F:\Study Material\ExpressNodejs\bookstore\node_modules\@babel\runtime\helpers\regeneratorRuntime.js:66:24)
    at Generator.next (F:\Study Material\ExpressNodejs\bookstore\node_modules\@babel\runtime\helpers\regeneratorRuntime.js:117:21)
    at asyncGeneratorStep (F:\Study Material\ExpressNodejs\bookstore\node_modules\@babel\runtime\helpers\asyncToGenerator.js:3:24)
    at _next (F:\Study Material\ExpressNodejs\bookstore\node_modules\@babel\runtime\helpers\asyncToGenerator.js:25:9)
    at processTicksAndRejections (node:internal/process/task_queues:96:5) 
    url - /api/v1/cart/cart_item_quantity/629b41e8106dbe3d64a6c990 
    method - PUT 
    IP - ::1
   {"timestamp":"2022-06-06T20:03:32.746Z"}
info: Server started at http://localhost:3003/api/v1/ {"timestamp":"2022-06-06T20:13:01.220Z"}
info: Connected to the database. {"timestamp":"2022-06-06T20:13:01.285Z"}
info: Server started at http://localhost:3003/api/v1/ {"timestamp":"2022-06-06T20:13:56.864Z"}
info: Connected to the database. {"timestamp":"2022-06-06T20:13:56.896Z"}
error: 
    status - 500 
    message - TypeError: Cannot read properties of undefined (reading 'find')
    at _callee3$ (F:\Study Material\ExpressNodejs\bookstore\src\services\/cart.service.js:71:42)
    at tryCatch (F:\Study Material\ExpressNodejs\bookstore\node_modules\@babel\runtime\helpers\regeneratorRuntime.js:86:17)
    at Generator._invoke (F:\Study Material\ExpressNodejs\bookstore\node_modules\@babel\runtime\helpers\regeneratorRuntime.js:66:24)
    at Generator.next (F:\Study Material\ExpressNodejs\bookstore\node_modules\@babel\runtime\helpers\regeneratorRuntime.js:117:21)
    at asyncGeneratorStep (F:\Study Material\ExpressNodejs\bookstore\node_modules\@babel\runtime\helpers\asyncToGenerator.js:3:24)
    at _next (F:\Study Material\ExpressNodejs\bookstore\node_modules\@babel\runtime\helpers\asyncToGenerator.js:25:9)
    at processTicksAndRejections (node:internal/process/task_queues:96:5) 
    url - /api/v1/cart/cart_item_quantity/629b41e8106dbe3d64a6c990 
    method - PUT 
    IP - ::1
   {"timestamp":"2022-06-06T20:30:52.440Z"}
info: Server started at http://localhost:3003/api/v1/ {"timestamp":"2022-06-06T20:37:45.628Z"}
info: Connected to the database. {"timestamp":"2022-06-06T20:37:45.660Z"}
info: Server started at http://localhost:3003/api/v1/ {"timestamp":"2022-06-06T20:38:42.219Z"}
info: Connected to the database. {"timestamp":"2022-06-06T20:38:42.276Z"}
info: Server started at http://localhost:3003/api/v1/ {"timestamp":"2022-06-06T20:38:55.365Z"}
info: Connected to the database. {"timestamp":"2022-06-06T20:38:55.402Z"}
info: Server started at http://localhost:3003/api/v1/ {"timestamp":"2022-06-06T20:52:55.394Z"}
info: Connected to the database. {"timestamp":"2022-06-06T20:52:55.424Z"}
error: 
    status - 500 
    message - TypeError: Cannot read properties of undefined (reading 'find')
    at _callee3$ (F:\Study Material\ExpressNodejs\bookstore\src\services\/cart.service.js:71:40)
    at tryCatch (F:\Study Material\ExpressNodejs\bookstore\node_modules\@babel\runtime\helpers\regeneratorRuntime.js:86:17)
    at Generator._invoke (F:\Study Material\ExpressNodejs\bookstore\node_modules\@babel\runtime\helpers\regeneratorRuntime.js:66:24)
    at Generator.next (F:\Study Material\ExpressNodejs\bookstore\node_modules\@babel\runtime\helpers\regeneratorRuntime.js:117:21)
    at asyncGeneratorStep (F:\Study Material\ExpressNodejs\bookstore\node_modules\@babel\runtime\helpers\asyncToGenerator.js:3:24)
    at _next (F:\Study Material\ExpressNodejs\bookstore\node_modules\@babel\runtime\helpers\asyncToGenerator.js:25:9)
    at processTicksAndRejections (node:internal/process/task_queues:96:5) 
    url - /api/v1/cart/cart_item_quantity/629b41e8106dbe3d64a6c990 
    method - PUT 
    IP - ::1
   {"timestamp":"2022-06-06T20:56:59.434Z"}
info: Server started at http://localhost:3003/api/v1/ {"timestamp":"2022-06-06T20:58:00.010Z"}
info: Connected to the database. {"timestamp":"2022-06-06T20:58:00.060Z"}
info: Server started at http://localhost:3003/api/v1/ {"timestamp":"2022-06-06T20:58:14.133Z"}
info: Connected to the database. {"timestamp":"2022-06-06T20:58:14.169Z"}
error: 
    status - 500 
    message - TypeError: _book.default.findIndex is not a function
    at _callee3$ (F:\Study Material\ExpressNodejs\bookstore\src\services\/cart.service.js:72:32)
    at tryCatch (F:\Study Material\ExpressNodejs\bookstore\node_modules\@babel\runtime\helpers\regeneratorRuntime.js:86:17)
    at Generator._invoke (F:\Study Material\ExpressNodejs\bookstore\node_modules\@babel\runtime\helpers\regeneratorRuntime.js:66:24)
    at Generator.next (F:\Study Material\ExpressNodejs\bookstore\node_modules\@babel\runtime\helpers\regeneratorRuntime.js:117:21)
    at asyncGeneratorStep (F:\Study Material\ExpressNodejs\bookstore\node_modules\@babel\runtime\helpers\asyncToGenerator.js:3:24)
    at _next (F:\Study Material\ExpressNodejs\bookstore\node_modules\@babel\runtime\helpers\asyncToGenerator.js:25:9)
    at processTicksAndRejections (node:internal/process/task_queues:96:5) 
    url - /api/v1/cart/cart_item_quantity/629b41e8106dbe3d64a6c990 
    method - PUT 
    IP - ::1
   {"timestamp":"2022-06-06T20:58:15.943Z"}
info: Server started at http://localhost:3003/api/v1/ {"timestamp":"2022-06-07T05:44:04.559Z"}
info: Connected to the database. {"timestamp":"2022-06-07T05:44:04.652Z"}
info: Server started at http://localhost:3003/api/v1/ {"timestamp":"2022-06-07T05:44:26.857Z"}
info: Connected to the database. {"timestamp":"2022-06-07T05:44:26.890Z"}
info: Server started at http://localhost:3003/api/v1/ {"timestamp":"2022-06-07T05:45:38.994Z"}
info: Connected to the database. {"timestamp":"2022-06-07T05:45:39.063Z"}
info: Server started at http://localhost:3003/api/v1/ {"timestamp":"2022-06-07T05:45:53.060Z"}
info: Connected to the database. {"timestamp":"2022-06-07T05:45:53.101Z"}
info: Server started at http://localhost:3003/api/v1/ {"timestamp":"2022-06-07T05:46:20.775Z"}
info: Connected to the database. {"timestamp":"2022-06-07T05:46:20.817Z"}
info: Server started at http://localhost:3003/api/v1/ {"timestamp":"2022-06-07T05:46:47.156Z"}
info: Connected to the database. {"timestamp":"2022-06-07T05:46:47.205Z"}
info: Server started at http://localhost:3003/api/v1/ {"timestamp":"2022-06-07T05:47:50.594Z"}
info: Connected to the database. {"timestamp":"2022-06-07T05:47:50.635Z"}
info: Server started at http://localhost:3003/api/v1/ {"timestamp":"2022-06-07T05:48:43.287Z"}
info: Connected to the database. {"timestamp":"2022-06-07T05:48:43.327Z"}
info: Server started at http://localhost:3003/api/v1/ {"timestamp":"2022-06-07T05:49:52.974Z"}
info: Connected to the database. {"timestamp":"2022-06-07T05:49:53.040Z"}
info: Server started at http://localhost:3003/api/v1/ {"timestamp":"2022-06-07T05:50:05.327Z"}
info: Connected to the database. {"timestamp":"2022-06-07T05:50:05.390Z"}
info: Server started at http://localhost:3003/api/v1/ {"timestamp":"2022-06-07T05:50:33.370Z"}
info: Connected to the database. {"timestamp":"2022-06-07T05:50:33.436Z"}
info: Server started at http://localhost:3003/api/v1/ {"timestamp":"2022-06-07T05:50:55.839Z"}
info: Connected to the database. {"timestamp":"2022-06-07T05:50:55.871Z"}
info: Server started at http://localhost:3003/api/v1/ {"timestamp":"2022-06-07T05:51:18.094Z"}
info: Connected to the database. {"timestamp":"2022-06-07T05:51:18.133Z"}
info: Server started at http://localhost:3003/api/v1/ {"timestamp":"2022-06-07T05:51:41.605Z"}
info: Connected to the database. {"timestamp":"2022-06-07T05:51:41.663Z"}
info: Server started at http://localhost:3003/api/v1/ {"timestamp":"2022-06-07T05:52:20.670Z"}
info: Connected to the database. {"timestamp":"2022-06-07T05:52:20.711Z"}
info: Server started at http://localhost:3003/api/v1/ {"timestamp":"2022-06-07T05:53:08.860Z"}
info: Server started at http://localhost:3003/api/v1/ {"timestamp":"2022-06-07T05:53:15.541Z"}
info: Connected to the database. {"timestamp":"2022-06-07T05:53:15.574Z"}
info: Server started at http://localhost:3003/api/v1/ {"timestamp":"2022-06-07T05:54:43.734Z"}
info: Connected to the database. {"timestamp":"2022-06-07T05:54:43.775Z"}
info: Server started at http://localhost:3003/api/v1/ {"timestamp":"2022-06-07T05:54:52.215Z"}
info: Connected to the database. {"timestamp":"2022-06-07T05:54:52.246Z"}
info: Server started at http://localhost:3003/api/v1/ {"timestamp":"2022-06-07T05:55:25.172Z"}
info: Connected to the database. {"timestamp":"2022-06-07T05:55:25.228Z"}
info: Server started at http://localhost:3003/api/v1/ {"timestamp":"2022-06-07T05:55:50.512Z"}
info: Connected to the database. {"timestamp":"2022-06-07T05:55:50.568Z"}
info: Server started at http://localhost:3003/api/v1/ {"timestamp":"2022-06-07T05:56:02.321Z"}
info: Connected to the database. {"timestamp":"2022-06-07T05:56:02.367Z"}
info: Server started at http://localhost:3003/api/v1/ {"timestamp":"2022-06-07T05:56:19.096Z"}
info: Connected to the database. {"timestamp":"2022-06-07T05:56:19.157Z"}
info: Server started at http://localhost:3003/api/v1/ {"timestamp":"2022-06-07T05:57:00.953Z"}
info: Connected to the database. {"timestamp":"2022-06-07T05:57:00.986Z"}
info: Server started at http://localhost:3003/api/v1/ {"timestamp":"2022-06-07T05:57:40.486Z"}
info: Connected to the database. {"timestamp":"2022-06-07T05:57:40.543Z"}
info: Connected to the database. {"timestamp":"2022-06-07T05:57:49.772Z"}
info: Connected to the database. {"timestamp":"2022-06-07T05:58:12.929Z"}
info: Connected to the database. {"timestamp":"2022-06-07T05:59:05.494Z"}
info: Connected to the database. {"timestamp":"2022-06-07T05:59:33.571Z"}
info: Connected to the database. {"timestamp":"2022-06-07T05:59:54.714Z"}
info: Connected to the database. {"timestamp":"2022-06-07T06:04:30.279Z"}
info: Connected to the database. {"timestamp":"2022-06-07T06:04:47.985Z"}
info: Server started at http://localhost:3003/api/v1/ {"timestamp":"2022-06-07T06:05:32.867Z"}
info: Connected to the database. {"timestamp":"2022-06-07T06:05:32.907Z"}
info: Server started at http://localhost:3003/api/v1/ {"timestamp":"2022-06-07T06:06:21.266Z"}
info: Connected to the database. {"timestamp":"2022-06-07T06:06:21.303Z"}
info: Server started at http://localhost:3003/api/v1/ {"timestamp":"2022-06-07T06:06:47.909Z"}
info: Connected to the database. {"timestamp":"2022-06-07T06:06:47.948Z"}
info: Server started at http://localhost:3003/api/v1/ {"timestamp":"2022-06-07T06:07:22.097Z"}
info: Connected to the database. {"timestamp":"2022-06-07T06:07:22.136Z"}
info: Server started at http://localhost:3003/api/v1/ {"timestamp":"2022-06-07T06:07:55.265Z"}
info: Connected to the database. {"timestamp":"2022-06-07T06:07:55.311Z"}
info: Server started at http://localhost:3003/api/v1/ {"timestamp":"2022-06-07T06:08:04.513Z"}
info: Connected to the database. {"timestamp":"2022-06-07T06:08:04.554Z"}
info: Server started at http://localhost:3003/api/v1/ {"timestamp":"2022-06-07T06:08:23.602Z"}
info: Connected to the database. {"timestamp":"2022-06-07T06:08:23.634Z"}
info: Server started at http://localhost:3003/api/v1/ {"timestamp":"2022-06-07T06:08:35.509Z"}
info: Connected to the database. {"timestamp":"2022-06-07T06:08:35.544Z"}
info: Server started at http://localhost:3003/api/v1/ {"timestamp":"2022-06-07T06:08:49.529Z"}
info: Connected to the database. {"timestamp":"2022-06-07T06:08:49.569Z"}
info: Server started at http://localhost:3003/api/v1/ {"timestamp":"2022-06-07T06:09:03.972Z"}
info: Connected to the database. {"timestamp":"2022-06-07T06:09:04.015Z"}
info: Server started at http://localhost:3003/api/v1/ {"timestamp":"2022-06-07T06:09:15.699Z"}
info: Connected to the database. {"timestamp":"2022-06-07T06:09:15.741Z"}
info: Server started at http://localhost:3003/api/v1/ {"timestamp":"2022-06-07T06:26:56.958Z"}
info: Connected to the database. {"timestamp":"2022-06-07T06:26:57.012Z"}
info: Server started at http://localhost:3003/api/v1/ {"timestamp":"2022-06-07T06:27:15.970Z"}
info: Connected to the database. {"timestamp":"2022-06-07T06:27:16.021Z"}
info: Server started at http://localhost:3003/api/v1/ {"timestamp":"2022-06-07T06:27:23.516Z"}
info: Connected to the database. {"timestamp":"2022-06-07T06:27:23.551Z"}
info: Server started at http://localhost:3003/api/v1/ {"timestamp":"2022-06-07T06:28:39.129Z"}
info: Connected to the database. {"timestamp":"2022-06-07T06:28:39.164Z"}
info: Server started at http://localhost:3003/api/v1/ {"timestamp":"2022-06-07T06:29:29.656Z"}
info: Connected to the database. {"timestamp":"2022-06-07T06:29:29.724Z"}
info: Server started at http://localhost:3003/api/v1/ {"timestamp":"2022-06-07T06:31:50.164Z"}
info: Connected to the database. {"timestamp":"2022-06-07T06:31:50.230Z"}
info: Server started at http://localhost:3003/api/v1/ {"timestamp":"2022-06-07T06:32:36.962Z"}
info: Connected to the database. {"timestamp":"2022-06-07T06:32:37.006Z"}
info: Server started at http://localhost:3003/api/v1/ {"timestamp":"2022-06-07T06:32:47.659Z"}
info: Connected to the database. {"timestamp":"2022-06-07T06:32:47.708Z"}
info: Server started at http://localhost:3003/api/v1/ {"timestamp":"2022-06-07T06:33:00.542Z"}
info: Connected to the database. {"timestamp":"2022-06-07T06:33:00.572Z"}
info: Server started at http://localhost:3003/api/v1/ {"timestamp":"2022-06-07T06:35:00.601Z"}
info: Connected to the database. {"timestamp":"2022-06-07T06:35:00.633Z"}
info: Server started at http://localhost:3003/api/v1/ {"timestamp":"2022-06-07T06:35:45.700Z"}
info: Connected to the database. {"timestamp":"2022-06-07T06:35:45.730Z"}
info: Server started at http://localhost:3003/api/v1/ {"timestamp":"2022-06-07T06:36:06.846Z"}
info: Connected to the database. {"timestamp":"2022-06-07T06:36:06.899Z"}
info: Server started at http://localhost:3003/api/v1/ {"timestamp":"2022-06-07T06:36:22.760Z"}
info: Connected to the database. {"timestamp":"2022-06-07T06:36:22.811Z"}
info: Server started at http://localhost:3003/api/v1/ {"timestamp":"2022-06-07T06:36:47.029Z"}
info: Connected to the database. {"timestamp":"2022-06-07T06:36:47.074Z"}
info: Server started at http://localhost:3003/api/v1/ {"timestamp":"2022-06-07T06:36:55.685Z"}
info: Connected to the database. {"timestamp":"2022-06-07T06:36:55.728Z"}
