info: Server started at http://localhost:3003/api/v1/ {"timestamp":"2022-06-01T19:41:35.114Z"}
info: Connected to the database. {"timestamp":"2022-06-01T19:41:35.144Z"}
info: Server started at http://localhost:3003/api/v1/ {"timestamp":"2022-06-01T19:52:50.355Z"}
info: Connected to the database. {"timestamp":"2022-06-01T19:52:50.392Z"}
info: Server started at http://localhost:3003/api/v1/ {"timestamp":"2022-06-01T19:52:58.400Z"}
info: Connected to the database. {"timestamp":"2022-06-01T19:52:58.430Z"}
info: Server started at http://localhost:3003/api/v1/ {"timestamp":"2022-06-01T19:53:27.080Z"}
info: Connected to the database. {"timestamp":"2022-06-01T19:53:27.105Z"}
info: Server started at http://localhost:3003/api/v1/ {"timestamp":"2022-06-01T19:54:11.009Z"}
info: Connected to the database. {"timestamp":"2022-06-01T19:54:11.044Z"}
info: Server started at http://localhost:3003/api/v1/ {"timestamp":"2022-06-01T20:07:35.342Z"}
info: Connected to the database. {"timestamp":"2022-06-01T20:07:35.367Z"}
info: Server started at http://localhost:3003/api/v1/ {"timestamp":"2022-06-02T02:23:28.255Z"}
info: Connected to the database. {"timestamp":"2022-06-02T02:23:28.436Z"}
info: Server started at http://localhost:3003/api/v1/ {"timestamp":"2022-06-02T02:27:01.912Z"}
info: Connected to the database. {"timestamp":"2022-06-02T02:27:01.946Z"}
info: Server started at http://localhost:3003/api/v1/ {"timestamp":"2022-06-02T03:15:43.565Z"}
info: Connected to the database. {"timestamp":"2022-06-02T03:15:43.592Z"}
info: Server started at http://localhost:3003/api/v1/ {"timestamp":"2022-06-02T03:30:51.089Z"}
info: Connected to the database. {"timestamp":"2022-06-02T03:30:51.122Z"}
info: Server started at http://localhost:3003/api/v1/ {"timestamp":"2022-06-02T03:31:34.833Z"}
info: Connected to the database. {"timestamp":"2022-06-02T03:31:34.869Z"}
info: Server started at http://localhost:3003/api/v1/ {"timestamp":"2022-06-02T03:32:17.915Z"}
info: Connected to the database. {"timestamp":"2022-06-02T03:32:17.945Z"}
info: Server started at http://localhost:3003/api/v1/ {"timestamp":"2022-06-02T03:32:25.664Z"}
info: Connected to the database. {"timestamp":"2022-06-02T03:32:25.708Z"}
info: Server started at http://localhost:3003/api/v1/ {"timestamp":"2022-06-02T03:32:45.636Z"}
info: Connected to the database. {"timestamp":"2022-06-02T03:32:45.669Z"}
info: Server started at http://localhost:3003/api/v1/ {"timestamp":"2022-06-02T03:33:05.452Z"}
info: Connected to the database. {"timestamp":"2022-06-02T03:33:05.482Z"}
info: Server started at http://localhost:3003/api/v1/ {"timestamp":"2022-06-02T03:33:17.217Z"}
info: Connected to the database. {"timestamp":"2022-06-02T03:33:17.245Z"}
info: Connected to the database. {"timestamp":"2022-06-02T03:34:28.435Z"}
info: Connected to the database. {"timestamp":"2022-06-02T03:34:50.475Z"}
info: Connected to the database. {"timestamp":"2022-06-02T03:35:13.175Z"}
info: Connected to the database. {"timestamp":"2022-06-02T03:35:55.634Z"}
info: Connected to the database. {"timestamp":"2022-06-02T03:36:11.091Z"}
info: Server started at http://localhost:3003/api/v1/ {"timestamp":"2022-06-02T07:05:28.714Z"}
info: Connected to the database. {"timestamp":"2022-06-02T07:05:28.750Z"}
info: Server started at http://localhost:3003/api/v1/ {"timestamp":"2022-06-02T07:05:34.515Z"}
info: Connected to the database. {"timestamp":"2022-06-02T07:05:34.545Z"}
info: Server started at http://localhost:3003/api/v1/ {"timestamp":"2022-06-02T08:47:42.838Z"}
info: Connected to the database. {"timestamp":"2022-06-02T08:47:42.866Z"}
info: Server started at http://localhost:3003/api/v1/ {"timestamp":"2022-06-02T08:48:09.232Z"}
info: Connected to the database. {"timestamp":"2022-06-02T08:48:09.259Z"}
info: Server started at http://localhost:3003/api/v1/ {"timestamp":"2022-06-02T08:49:54.774Z"}
info: Connected to the database. {"timestamp":"2022-06-02T08:49:54.801Z"}
info: Server started at http://localhost:3003/api/v1/ {"timestamp":"2022-06-02T08:50:08.159Z"}
info: Connected to the database. {"timestamp":"2022-06-02T08:50:08.188Z"}
info: Server started at http://localhost:3003/api/v1/ {"timestamp":"2022-06-02T08:56:53.026Z"}
info: Connected to the database. {"timestamp":"2022-06-02T08:56:53.061Z"}
info: Server started at http://localhost:3003/api/v1/ {"timestamp":"2022-06-02T08:58:41.457Z"}
info: Connected to the database. {"timestamp":"2022-06-02T08:58:41.493Z"}
info: Server started at http://localhost:3003/api/v1/ {"timestamp":"2022-06-02T08:59:37.293Z"}
info: Connected to the database. {"timestamp":"2022-06-02T08:59:37.330Z"}
info: Server started at http://localhost:3003/api/v1/ {"timestamp":"2022-06-02T08:59:57.937Z"}
info: Connected to the database. {"timestamp":"2022-06-02T08:59:57.994Z"}
info: Server started at http://localhost:3003/api/v1/ {"timestamp":"2022-06-02T09:00:49.639Z"}
info: Connected to the database. {"timestamp":"2022-06-02T09:00:49.671Z"}
info: Server started at http://localhost:3003/api/v1/ {"timestamp":"2022-06-02T09:01:03.667Z"}
info: Connected to the database. {"timestamp":"2022-06-02T09:01:03.703Z"}
info: Server started at http://localhost:3003/api/v1/ {"timestamp":"2022-06-02T09:02:14.692Z"}
info: Connected to the database. {"timestamp":"2022-06-02T09:02:14.726Z"}
info: Server started at http://localhost:3003/api/v1/ {"timestamp":"2022-06-02T09:03:16.615Z"}
info: Connected to the database. {"timestamp":"2022-06-02T09:03:16.656Z"}
info: Server started at http://localhost:3003/api/v1/ {"timestamp":"2022-06-02T09:03:27.558Z"}
info: Connected to the database. {"timestamp":"2022-06-02T09:03:27.591Z"}
info: Server started at http://localhost:3003/api/v1/ {"timestamp":"2022-06-02T09:03:56.315Z"}
info: Connected to the database. {"timestamp":"2022-06-02T09:03:56.349Z"}
info: Server started at http://localhost:3003/api/v1/ {"timestamp":"2022-06-02T09:05:03.821Z"}
info: Connected to the database. {"timestamp":"2022-06-02T09:05:03.858Z"}
info: Server started at http://localhost:3003/api/v1/ {"timestamp":"2022-06-02T09:10:59.034Z"}
info: Connected to the database. {"timestamp":"2022-06-02T09:10:59.081Z"}
info: Server started at http://localhost:3003/api/v1/ {"timestamp":"2022-06-02T10:27:55.526Z"}
info: Connected to the database. {"timestamp":"2022-06-02T10:27:55.591Z"}
info: Server started at http://localhost:3003/api/v1/ {"timestamp":"2022-06-02T10:28:59.971Z"}
info: Connected to the database. {"timestamp":"2022-06-02T10:29:00.035Z"}
info: Server started at http://localhost:3003/api/v1/ {"timestamp":"2022-06-02T10:29:18.091Z"}
info: Connected to the database. {"timestamp":"2022-06-02T10:29:18.124Z"}
info: Server started at http://localhost:3003/api/v1/ {"timestamp":"2022-06-02T10:30:51.545Z"}
info: Connected to the database. {"timestamp":"2022-06-02T10:30:51.600Z"}
info: Server started at http://localhost:3003/api/v1/ {"timestamp":"2022-06-02T10:30:58.500Z"}
info: Connected to the database. {"timestamp":"2022-06-02T10:30:58.537Z"}
info: Server started at http://localhost:3003/api/v1/ {"timestamp":"2022-06-02T10:31:11.928Z"}
info: Connected to the database. {"timestamp":"2022-06-02T10:31:11.958Z"}
info: Server started at http://localhost:3003/api/v1/ {"timestamp":"2022-06-02T10:31:31.113Z"}
info: Connected to the database. {"timestamp":"2022-06-02T10:31:31.146Z"}
info: Server started at http://localhost:3003/api/v1/ {"timestamp":"2022-06-02T10:32:03.254Z"}
info: Connected to the database. {"timestamp":"2022-06-02T10:32:03.291Z"}
info: Server started at http://localhost:3003/api/v1/ {"timestamp":"2022-06-02T10:36:56.459Z"}
info: Connected to the database. {"timestamp":"2022-06-02T10:36:56.508Z"}
error: 
    status - 500 
    message - JsonWebTokenError: invalid signature
    at F:\Study Material\ExpressNodejs\bookstore\node_modules\jsonwebtoken\verify.js:133:19
    at getSecret (F:\Study Material\ExpressNodejs\bookstore\node_modules\jsonwebtoken\verify.js:90:14)
    at Object.verify (F:\Study Material\ExpressNodejs\bookstore\node_modules\jsonwebtoken\verify.js:94:10)
    at _callee$ (F:\Study Material\ExpressNodejs\bookstore\src\middlewares\/auth.middleware.js:21:32)
    at tryCatch (F:\Study Material\ExpressNodejs\bookstore\node_modules\@babel\runtime\helpers\regeneratorRuntime.js:86:17)
    at Generator._invoke (F:\Study Material\ExpressNodejs\bookstore\node_modules\@babel\runtime\helpers\regeneratorRuntime.js:66:24)
    at Generator.next (F:\Study Material\ExpressNodejs\bookstore\node_modules\@babel\runtime\helpers\regeneratorRuntime.js:117:21)
    at asyncGeneratorStep (F:\Study Material\ExpressNodejs\bookstore\node_modules\@babel\runtime\helpers\asyncToGenerator.js:3:24)
    at _next (F:\Study Material\ExpressNodejs\bookstore\node_modules\@babel\runtime\helpers\asyncToGenerator.js:25:9)
    at F:\Study Material\ExpressNodejs\bookstore\node_modules\@babel\runtime\helpers\asyncToGenerator.js:32:7
    at new Promise (<anonymous>)
    at F:\Study Material\ExpressNodejs\bookstore\node_modules\@babel\runtime\helpers\asyncToGenerator.js:21:12
    at userAuth (F:\Study Material\ExpressNodejs\bookstore\src\middlewares\/auth.middleware.js:12:22)
    at Layer.handle [as handle_request] (F:\Study Material\ExpressNodejs\bookstore\node_modules\express\lib\router\layer.js:95:5)
    at next (F:\Study Material\ExpressNodejs\bookstore\node_modules\express\lib\router\route.js:144:13)
    at Route.dispatch (F:\Study Material\ExpressNodejs\bookstore\node_modules\express\lib\router\route.js:114:3)
    at Layer.handle [as handle_request] (F:\Study Material\ExpressNodejs\bookstore\node_modules\express\lib\router\layer.js:95:5)
    at F:\Study Material\ExpressNodejs\bookstore\node_modules\express\lib\router\index.js:284:15
    at param (F:\Study Material\ExpressNodejs\bookstore\node_modules\express\lib\router\index.js:365:14)
    at param (F:\Study Material\ExpressNodejs\bookstore\node_modules\express\lib\router\index.js:376:14)
    at Function.process_params (F:\Study Material\ExpressNodejs\bookstore\node_modules\express\lib\router\index.js:421:3)
    at next (F:\Study Material\ExpressNodejs\bookstore\node_modules\express\lib\router\index.js:280:10) 
    url - /api/v1/cart//add_cart_item/6214803b05253301a4fda584 
    method - POST 
    IP - ::1
   {"timestamp":"2022-06-02T10:38:04.620Z"}
info: Server started at http://localhost:3003/api/v1/ {"timestamp":"2022-06-02T10:41:17.277Z"}
info: Connected to the database. {"timestamp":"2022-06-02T10:41:17.319Z"}
error: 
    status - 500 
    message - JsonWebTokenError: invalid signature
    at F:\Study Material\ExpressNodejs\bookstore\node_modules\jsonwebtoken\verify.js:133:19
    at getSecret (F:\Study Material\ExpressNodejs\bookstore\node_modules\jsonwebtoken\verify.js:90:14)
    at Object.verify (F:\Study Material\ExpressNodejs\bookstore\node_modules\jsonwebtoken\verify.js:94:10)
    at _callee$ (F:\Study Material\ExpressNodejs\bookstore\src\middlewares\/auth.middleware.js:21:32)
    at tryCatch (F:\Study Material\ExpressNodejs\bookstore\node_modules\@babel\runtime\helpers\regeneratorRuntime.js:86:17)
    at Generator._invoke (F:\Study Material\ExpressNodejs\bookstore\node_modules\@babel\runtime\helpers\regeneratorRuntime.js:66:24)
    at Generator.next (F:\Study Material\ExpressNodejs\bookstore\node_modules\@babel\runtime\helpers\regeneratorRuntime.js:117:21)
    at asyncGeneratorStep (F:\Study Material\ExpressNodejs\bookstore\node_modules\@babel\runtime\helpers\asyncToGenerator.js:3:24)
    at _next (F:\Study Material\ExpressNodejs\bookstore\node_modules\@babel\runtime\helpers\asyncToGenerator.js:25:9)
    at F:\Study Material\ExpressNodejs\bookstore\node_modules\@babel\runtime\helpers\asyncToGenerator.js:32:7
    at new Promise (<anonymous>)
    at F:\Study Material\ExpressNodejs\bookstore\node_modules\@babel\runtime\helpers\asyncToGenerator.js:21:12
    at userAuth (F:\Study Material\ExpressNodejs\bookstore\src\middlewares\/auth.middleware.js:12:22)
    at Layer.handle [as handle_request] (F:\Study Material\ExpressNodejs\bookstore\node_modules\express\lib\router\layer.js:95:5)
    at next (F:\Study Material\ExpressNodejs\bookstore\node_modules\express\lib\router\route.js:144:13)
    at Route.dispatch (F:\Study Material\ExpressNodejs\bookstore\node_modules\express\lib\router\route.js:114:3)
    at Layer.handle [as handle_request] (F:\Study Material\ExpressNodejs\bookstore\node_modules\express\lib\router\layer.js:95:5)
    at F:\Study Material\ExpressNodejs\bookstore\node_modules\express\lib\router\index.js:284:15
    at param (F:\Study Material\ExpressNodejs\bookstore\node_modules\express\lib\router\index.js:365:14)
    at param (F:\Study Material\ExpressNodejs\bookstore\node_modules\express\lib\router\index.js:376:14)
    at Function.process_params (F:\Study Material\ExpressNodejs\bookstore\node_modules\express\lib\router\index.js:421:3)
    at next (F:\Study Material\ExpressNodejs\bookstore\node_modules\express\lib\router\index.js:280:10) 
    url - /api/v1/cart//add_cart_item/6214803b05253301a4fda584 
    method - POST 
    IP - ::1
   {"timestamp":"2022-06-02T10:41:39.064Z"}
info: Server started at http://localhost:3003/api/v1/ {"timestamp":"2022-06-02T10:57:48.842Z"}
info: Connected to the database. {"timestamp":"2022-06-02T10:57:48.877Z"}
info: Server started at http://localhost:3003/api/v1/ {"timestamp":"2022-06-02T10:58:15.279Z"}
info: Connected to the database. {"timestamp":"2022-06-02T10:58:15.316Z"}
info: Server started at http://localhost:3003/api/v1/ {"timestamp":"2022-06-02T11:28:48.658Z"}
info: Connected to the database. {"timestamp":"2022-06-02T11:28:48.706Z"}
info: Server started at http://localhost:3003/api/v1/ {"timestamp":"2022-06-02T11:29:17.175Z"}
info: Connected to the database. {"timestamp":"2022-06-02T11:29:17.229Z"}
info: Server started at http://localhost:3003/api/v1/ {"timestamp":"2022-06-02T11:29:32.133Z"}
info: Connected to the database. {"timestamp":"2022-06-02T11:29:32.196Z"}
info: Server started at http://localhost:3003/api/v1/ {"timestamp":"2022-06-02T11:31:21.796Z"}
info: Connected to the database. {"timestamp":"2022-06-02T11:31:21.849Z"}
info: Server started at http://localhost:3003/api/v1/ {"timestamp":"2022-06-02T11:47:00.662Z"}
info: Connected to the database. {"timestamp":"2022-06-02T11:47:00.728Z"}
info: Server started at http://localhost:3003/api/v1/ {"timestamp":"2022-06-02T11:50:31.470Z"}
info: Connected to the database. {"timestamp":"2022-06-02T11:50:31.548Z"}
info: Server started at http://localhost:3003/api/v1/ {"timestamp":"2022-06-02T11:50:58.323Z"}
info: Connected to the database. {"timestamp":"2022-06-02T11:50:58.378Z"}
info: Server started at http://localhost:3003/api/v1/ {"timestamp":"2022-06-02T11:51:50.114Z"}
info: Connected to the database. {"timestamp":"2022-06-02T11:51:50.182Z"}
info: Server started at http://localhost:3003/api/v1/ {"timestamp":"2022-06-02T11:52:12.906Z"}
info: Connected to the database. {"timestamp":"2022-06-02T11:52:12.969Z"}
info: Server started at http://localhost:3003/api/v1/ {"timestamp":"2022-06-02T11:52:47.557Z"}
info: Connected to the database. {"timestamp":"2022-06-02T11:52:47.630Z"}
info: Server started at http://localhost:3003/api/v1/ {"timestamp":"2022-06-02T11:53:43.631Z"}
info: Connected to the database. {"timestamp":"2022-06-02T11:53:43.751Z"}
info: Server started at http://localhost:3003/api/v1/ {"timestamp":"2022-06-02T11:54:10.953Z"}
info: Connected to the database. {"timestamp":"2022-06-02T11:54:10.995Z"}
info: Server started at http://localhost:3003/api/v1/ {"timestamp":"2022-06-02T11:55:19.280Z"}
info: Connected to the database. {"timestamp":"2022-06-02T11:55:19.351Z"}
info: Server started at http://localhost:3003/api/v1/ {"timestamp":"2022-06-02T11:55:48.688Z"}
info: Connected to the database. {"timestamp":"2022-06-02T11:55:48.744Z"}
info: Server started at http://localhost:3003/api/v1/ {"timestamp":"2022-06-02T11:56:02.095Z"}
info: Connected to the database. {"timestamp":"2022-06-02T11:56:02.170Z"}
info: Server started at http://localhost:3003/api/v1/ {"timestamp":"2022-06-02T12:00:49.718Z"}
info: Connected to the database. {"timestamp":"2022-06-02T12:00:49.783Z"}
info: Server started at http://localhost:3003/api/v1/ {"timestamp":"2022-06-02T12:01:25.436Z"}
info: Connected to the database. {"timestamp":"2022-06-02T12:01:25.489Z"}
info: Server started at http://localhost:3003/api/v1/ {"timestamp":"2022-06-02T12:02:19.720Z"}
info: Connected to the database. {"timestamp":"2022-06-02T12:02:19.812Z"}
info: Server started at http://localhost:3003/api/v1/ {"timestamp":"2022-06-02T12:02:51.316Z"}
info: Connected to the database. {"timestamp":"2022-06-02T12:02:51.370Z"}
info: Server started at http://localhost:3003/api/v1/ {"timestamp":"2022-06-02T12:05:00.128Z"}
info: Connected to the database. {"timestamp":"2022-06-02T12:05:00.203Z"}
info: Connected to the database. {"timestamp":"2022-06-02T12:05:25.073Z"}
info: Connected to the database. {"timestamp":"2022-06-02T12:05:37.986Z"}
info: Server started at http://localhost:3003/api/v1/ {"timestamp":"2022-06-02T12:07:07.538Z"}
info: Connected to the database. {"timestamp":"2022-06-02T12:07:07.583Z"}
error: 
    status - 500 
    message - JsonWebTokenError: invalid signature
    at F:\Study Material\ExpressNodejs\bookstore\node_modules\jsonwebtoken\verify.js:133:19
    at getSecret (F:\Study Material\ExpressNodejs\bookstore\node_modules\jsonwebtoken\verify.js:90:14)
    at Object.verify (F:\Study Material\ExpressNodejs\bookstore\node_modules\jsonwebtoken\verify.js:94:10)
    at _callee$ (F:\Study Material\ExpressNodejs\bookstore\src\middlewares\/auth.middleware.js:21:32)
    at tryCatch (F:\Study Material\ExpressNodejs\bookstore\node_modules\@babel\runtime\helpers\regeneratorRuntime.js:86:17)
    at Generator._invoke (F:\Study Material\ExpressNodejs\bookstore\node_modules\@babel\runtime\helpers\regeneratorRuntime.js:66:24)
    at Generator.next (F:\Study Material\ExpressNodejs\bookstore\node_modules\@babel\runtime\helpers\regeneratorRuntime.js:117:21)
    at asyncGeneratorStep (F:\Study Material\ExpressNodejs\bookstore\node_modules\@babel\runtime\helpers\asyncToGenerator.js:3:24)
    at _next (F:\Study Material\ExpressNodejs\bookstore\node_modules\@babel\runtime\helpers\asyncToGenerator.js:25:9)
    at F:\Study Material\ExpressNodejs\bookstore\node_modules\@babel\runtime\helpers\asyncToGenerator.js:32:7
    at new Promise (<anonymous>)
    at F:\Study Material\ExpressNodejs\bookstore\node_modules\@babel\runtime\helpers\asyncToGenerator.js:21:12
    at userAuth (F:\Study Material\ExpressNodejs\bookstore\src\middlewares\/auth.middleware.js:12:22)
    at Layer.handle [as handle_request] (F:\Study Material\ExpressNodejs\bookstore\node_modules\express\lib\router\layer.js:95:5)
    at next (F:\Study Material\ExpressNodejs\bookstore\node_modules\express\lib\router\route.js:144:13)
    at Route.dispatch (F:\Study Material\ExpressNodejs\bookstore\node_modules\express\lib\router\route.js:114:3)
    at Layer.handle [as handle_request] (F:\Study Material\ExpressNodejs\bookstore\node_modules\express\lib\router\layer.js:95:5)
    at F:\Study Material\ExpressNodejs\bookstore\node_modules\express\lib\router\index.js:284:15
    at param (F:\Study Material\ExpressNodejs\bookstore\node_modules\express\lib\router\index.js:365:14)
    at param (F:\Study Material\ExpressNodejs\bookstore\node_modules\express\lib\router\index.js:376:14)
    at Function.process_params (F:\Study Material\ExpressNodejs\bookstore\node_modules\express\lib\router\index.js:421:3)
    at next (F:\Study Material\ExpressNodejs\bookstore\node_modules\express\lib\router\index.js:280:10) 
    url - /api/v1/cart//add_cart_item/6214803b05253301a4fda584 
    method - POST 
    IP - ::1
   {"timestamp":"2022-06-02T12:07:16.153Z"}
error: 
    status - 500 
    message - JsonWebTokenError: invalid signature
    at F:\Study Material\ExpressNodejs\bookstore\node_modules\jsonwebtoken\verify.js:133:19
    at getSecret (F:\Study Material\ExpressNodejs\bookstore\node_modules\jsonwebtoken\verify.js:90:14)
    at Object.verify (F:\Study Material\ExpressNodejs\bookstore\node_modules\jsonwebtoken\verify.js:94:10)
    at _callee$ (F:\Study Material\ExpressNodejs\bookstore\src\middlewares\/auth.middleware.js:21:32)
    at tryCatch (F:\Study Material\ExpressNodejs\bookstore\node_modules\@babel\runtime\helpers\regeneratorRuntime.js:86:17)
    at Generator._invoke (F:\Study Material\ExpressNodejs\bookstore\node_modules\@babel\runtime\helpers\regeneratorRuntime.js:66:24)
    at Generator.next (F:\Study Material\ExpressNodejs\bookstore\node_modules\@babel\runtime\helpers\regeneratorRuntime.js:117:21)
    at asyncGeneratorStep (F:\Study Material\ExpressNodejs\bookstore\node_modules\@babel\runtime\helpers\asyncToGenerator.js:3:24)
    at _next (F:\Study Material\ExpressNodejs\bookstore\node_modules\@babel\runtime\helpers\asyncToGenerator.js:25:9)
    at F:\Study Material\ExpressNodejs\bookstore\node_modules\@babel\runtime\helpers\asyncToGenerator.js:32:7
    at new Promise (<anonymous>)
    at F:\Study Material\ExpressNodejs\bookstore\node_modules\@babel\runtime\helpers\asyncToGenerator.js:21:12
    at userAuth (F:\Study Material\ExpressNodejs\bookstore\src\middlewares\/auth.middleware.js:12:22)
    at Layer.handle [as handle_request] (F:\Study Material\ExpressNodejs\bookstore\node_modules\express\lib\router\layer.js:95:5)
    at next (F:\Study Material\ExpressNodejs\bookstore\node_modules\express\lib\router\route.js:144:13)
    at Route.dispatch (F:\Study Material\ExpressNodejs\bookstore\node_modules\express\lib\router\route.js:114:3)
    at Layer.handle [as handle_request] (F:\Study Material\ExpressNodejs\bookstore\node_modules\express\lib\router\layer.js:95:5)
    at F:\Study Material\ExpressNodejs\bookstore\node_modules\express\lib\router\index.js:284:15
    at param (F:\Study Material\ExpressNodejs\bookstore\node_modules\express\lib\router\index.js:365:14)
    at param (F:\Study Material\ExpressNodejs\bookstore\node_modules\express\lib\router\index.js:376:14)
    at Function.process_params (F:\Study Material\ExpressNodejs\bookstore\node_modules\express\lib\router\index.js:421:3)
    at next (F:\Study Material\ExpressNodejs\bookstore\node_modules\express\lib\router\index.js:280:10) 
    url - /api/v1/cart//add_cart_item/6215178d05253301a4fda5c4 
    method - POST 
    IP - ::1
   {"timestamp":"2022-06-02T12:07:52.007Z"}
error: 
    status - 500 
    message - JsonWebTokenError: invalid signature
    at F:\Study Material\ExpressNodejs\bookstore\node_modules\jsonwebtoken\verify.js:133:19
    at getSecret (F:\Study Material\ExpressNodejs\bookstore\node_modules\jsonwebtoken\verify.js:90:14)
    at Object.verify (F:\Study Material\ExpressNodejs\bookstore\node_modules\jsonwebtoken\verify.js:94:10)
    at _callee$ (F:\Study Material\ExpressNodejs\bookstore\src\middlewares\/auth.middleware.js:21:32)
    at tryCatch (F:\Study Material\ExpressNodejs\bookstore\node_modules\@babel\runtime\helpers\regeneratorRuntime.js:86:17)
    at Generator._invoke (F:\Study Material\ExpressNodejs\bookstore\node_modules\@babel\runtime\helpers\regeneratorRuntime.js:66:24)
    at Generator.next (F:\Study Material\ExpressNodejs\bookstore\node_modules\@babel\runtime\helpers\regeneratorRuntime.js:117:21)
    at asyncGeneratorStep (F:\Study Material\ExpressNodejs\bookstore\node_modules\@babel\runtime\helpers\asyncToGenerator.js:3:24)
    at _next (F:\Study Material\ExpressNodejs\bookstore\node_modules\@babel\runtime\helpers\asyncToGenerator.js:25:9)
    at F:\Study Material\ExpressNodejs\bookstore\node_modules\@babel\runtime\helpers\asyncToGenerator.js:32:7
    at new Promise (<anonymous>)
    at F:\Study Material\ExpressNodejs\bookstore\node_modules\@babel\runtime\helpers\asyncToGenerator.js:21:12
    at userAuth (F:\Study Material\ExpressNodejs\bookstore\src\middlewares\/auth.middleware.js:12:22)
    at Layer.handle [as handle_request] (F:\Study Material\ExpressNodejs\bookstore\node_modules\express\lib\router\layer.js:95:5)
    at next (F:\Study Material\ExpressNodejs\bookstore\node_modules\express\lib\router\route.js:144:13)
    at Route.dispatch (F:\Study Material\ExpressNodejs\bookstore\node_modules\express\lib\router\route.js:114:3)
    at Layer.handle [as handle_request] (F:\Study Material\ExpressNodejs\bookstore\node_modules\express\lib\router\layer.js:95:5)
    at F:\Study Material\ExpressNodejs\bookstore\node_modules\express\lib\router\index.js:284:15
    at param (F:\Study Material\ExpressNodejs\bookstore\node_modules\express\lib\router\index.js:365:14)
    at param (F:\Study Material\ExpressNodejs\bookstore\node_modules\express\lib\router\index.js:376:14)
    at Function.process_params (F:\Study Material\ExpressNodejs\bookstore\node_modules\express\lib\router\index.js:421:3)
    at next (F:\Study Material\ExpressNodejs\bookstore\node_modules\express\lib\router\index.js:280:10) 
    url - /api/v1/cart//add_cart_item/6215178d05253301a4fda5c4 
    method - POST 
    IP - ::1
   {"timestamp":"2022-06-02T12:08:01.439Z"}
info: Server started at http://localhost:3003/api/v1/ {"timestamp":"2022-06-02T12:09:33.705Z"}
info: Connected to the database. {"timestamp":"2022-06-02T12:09:33.758Z"}
error: 
    status - 500 
    message - JsonWebTokenError: invalid signature
    at F:\Study Material\ExpressNodejs\bookstore\node_modules\jsonwebtoken\verify.js:133:19
    at getSecret (F:\Study Material\ExpressNodejs\bookstore\node_modules\jsonwebtoken\verify.js:90:14)
    at Object.verify (F:\Study Material\ExpressNodejs\bookstore\node_modules\jsonwebtoken\verify.js:94:10)
    at _callee$ (F:\Study Material\ExpressNodejs\bookstore\src\middlewares\/auth.middleware.js:21:28)
    at tryCatch (F:\Study Material\ExpressNodejs\bookstore\node_modules\@babel\runtime\helpers\regeneratorRuntime.js:86:17)
    at Generator._invoke (F:\Study Material\ExpressNodejs\bookstore\node_modules\@babel\runtime\helpers\regeneratorRuntime.js:66:24)
    at Generator.next (F:\Study Material\ExpressNodejs\bookstore\node_modules\@babel\runtime\helpers\regeneratorRuntime.js:117:21)
    at asyncGeneratorStep (F:\Study Material\ExpressNodejs\bookstore\node_modules\@babel\runtime\helpers\asyncToGenerator.js:3:24)
    at _next (F:\Study Material\ExpressNodejs\bookstore\node_modules\@babel\runtime\helpers\asyncToGenerator.js:25:9)
    at F:\Study Material\ExpressNodejs\bookstore\node_modules\@babel\runtime\helpers\asyncToGenerator.js:32:7
    at new Promise (<anonymous>)
    at F:\Study Material\ExpressNodejs\bookstore\node_modules\@babel\runtime\helpers\asyncToGenerator.js:21:12
    at userAuth (F:\Study Material\ExpressNodejs\bookstore\src\middlewares\/auth.middleware.js:12:22)
    at Layer.handle [as handle_request] (F:\Study Material\ExpressNodejs\bookstore\node_modules\express\lib\router\layer.js:95:5)
    at next (F:\Study Material\ExpressNodejs\bookstore\node_modules\express\lib\router\route.js:144:13)
    at Route.dispatch (F:\Study Material\ExpressNodejs\bookstore\node_modules\express\lib\router\route.js:114:3)
    at Layer.handle [as handle_request] (F:\Study Material\ExpressNodejs\bookstore\node_modules\express\lib\router\layer.js:95:5)
    at F:\Study Material\ExpressNodejs\bookstore\node_modules\express\lib\router\index.js:284:15
    at param (F:\Study Material\ExpressNodejs\bookstore\node_modules\express\lib\router\index.js:365:14)
    at param (F:\Study Material\ExpressNodejs\bookstore\node_modules\express\lib\router\index.js:376:14)
    at Function.process_params (F:\Study Material\ExpressNodejs\bookstore\node_modules\express\lib\router\index.js:421:3)
    at next (F:\Study Material\ExpressNodejs\bookstore\node_modules\express\lib\router\index.js:280:10) 
    url - /api/v1/cart//add_cart_item/6215178d05253301a4fda5c4 
    method - POST 
    IP - ::1
   {"timestamp":"2022-06-02T12:09:40.400Z"}
info: Server started at http://localhost:3003/api/v1/ {"timestamp":"2022-06-02T12:10:57.501Z"}
info: Connected to the database. {"timestamp":"2022-06-02T12:10:57.554Z"}
info: Server started at http://localhost:3003/api/v1/ {"timestamp":"2022-06-02T12:11:07.863Z"}
info: Connected to the database. {"timestamp":"2022-06-02T12:11:07.905Z"}
error: 
    status - 500 
    message - JsonWebTokenError: invalid signature
    at F:\Study Material\ExpressNodejs\bookstore\node_modules\jsonwebtoken\verify.js:133:19
    at getSecret (F:\Study Material\ExpressNodejs\bookstore\node_modules\jsonwebtoken\verify.js:90:14)
    at Object.verify (F:\Study Material\ExpressNodejs\bookstore\node_modules\jsonwebtoken\verify.js:94:10)
    at _callee$ (F:\Study Material\ExpressNodejs\bookstore\src\middlewares\/auth.middleware.js:22:28)
    at tryCatch (F:\Study Material\ExpressNodejs\bookstore\node_modules\@babel\runtime\helpers\regeneratorRuntime.js:86:17)
    at Generator._invoke (F:\Study Material\ExpressNodejs\bookstore\node_modules\@babel\runtime\helpers\regeneratorRuntime.js:66:24)
    at Generator.next (F:\Study Material\ExpressNodejs\bookstore\node_modules\@babel\runtime\helpers\regeneratorRuntime.js:117:21)
    at asyncGeneratorStep (F:\Study Material\ExpressNodejs\bookstore\node_modules\@babel\runtime\helpers\asyncToGenerator.js:3:24)
    at _next (F:\Study Material\ExpressNodejs\bookstore\node_modules\@babel\runtime\helpers\asyncToGenerator.js:25:9)
    at F:\Study Material\ExpressNodejs\bookstore\node_modules\@babel\runtime\helpers\asyncToGenerator.js:32:7
    at new Promise (<anonymous>)
    at F:\Study Material\ExpressNodejs\bookstore\node_modules\@babel\runtime\helpers\asyncToGenerator.js:21:12
    at userAuth (F:\Study Material\ExpressNodejs\bookstore\src\middlewares\/auth.middleware.js:12:22)
    at Layer.handle [as handle_request] (F:\Study Material\ExpressNodejs\bookstore\node_modules\express\lib\router\layer.js:95:5)
    at next (F:\Study Material\ExpressNodejs\bookstore\node_modules\express\lib\router\route.js:144:13)
    at Route.dispatch (F:\Study Material\ExpressNodejs\bookstore\node_modules\express\lib\router\route.js:114:3)
    at Layer.handle [as handle_request] (F:\Study Material\ExpressNodejs\bookstore\node_modules\express\lib\router\layer.js:95:5)
    at F:\Study Material\ExpressNodejs\bookstore\node_modules\express\lib\router\index.js:284:15
    at param (F:\Study Material\ExpressNodejs\bookstore\node_modules\express\lib\router\index.js:365:14)
    at param (F:\Study Material\ExpressNodejs\bookstore\node_modules\express\lib\router\index.js:376:14)
    at Function.process_params (F:\Study Material\ExpressNodejs\bookstore\node_modules\express\lib\router\index.js:421:3)
    at next (F:\Study Material\ExpressNodejs\bookstore\node_modules\express\lib\router\index.js:280:10) 
    url - /api/v1/cart//add_cart_item/6215178d05253301a4fda5c4 
    method - POST 
    IP - ::1
   {"timestamp":"2022-06-02T12:11:11.780Z"}
info: Server started at http://localhost:3003/api/v1/ {"timestamp":"2022-06-02T12:12:53.618Z"}
info: Connected to the database. {"timestamp":"2022-06-02T12:12:53.666Z"}
error: 
    status - 500 
    message - JsonWebTokenError: invalid signature
    at F:\Study Material\ExpressNodejs\bookstore\node_modules\jsonwebtoken\verify.js:133:19
    at getSecret (F:\Study Material\ExpressNodejs\bookstore\node_modules\jsonwebtoken\verify.js:90:14)
    at Object.verify (F:\Study Material\ExpressNodejs\bookstore\node_modules\jsonwebtoken\verify.js:94:10)
    at _callee$ (F:\Study Material\ExpressNodejs\bookstore\src\middlewares\/auth.middleware.js:22:28)
    at tryCatch (F:\Study Material\ExpressNodejs\bookstore\node_modules\@babel\runtime\helpers\regeneratorRuntime.js:86:17)
    at Generator._invoke (F:\Study Material\ExpressNodejs\bookstore\node_modules\@babel\runtime\helpers\regeneratorRuntime.js:66:24)
    at Generator.next (F:\Study Material\ExpressNodejs\bookstore\node_modules\@babel\runtime\helpers\regeneratorRuntime.js:117:21)
    at asyncGeneratorStep (F:\Study Material\ExpressNodejs\bookstore\node_modules\@babel\runtime\helpers\asyncToGenerator.js:3:24)
    at _next (F:\Study Material\ExpressNodejs\bookstore\node_modules\@babel\runtime\helpers\asyncToGenerator.js:25:9)
    at F:\Study Material\ExpressNodejs\bookstore\node_modules\@babel\runtime\helpers\asyncToGenerator.js:32:7
    at new Promise (<anonymous>)
    at F:\Study Material\ExpressNodejs\bookstore\node_modules\@babel\runtime\helpers\asyncToGenerator.js:21:12
    at userAuth (F:\Study Material\ExpressNodejs\bookstore\src\middlewares\/auth.middleware.js:12:22)
    at Layer.handle [as handle_request] (F:\Study Material\ExpressNodejs\bookstore\node_modules\express\lib\router\layer.js:95:5)
    at next (F:\Study Material\ExpressNodejs\bookstore\node_modules\express\lib\router\route.js:144:13)
    at Route.dispatch (F:\Study Material\ExpressNodejs\bookstore\node_modules\express\lib\router\route.js:114:3)
    at Layer.handle [as handle_request] (F:\Study Material\ExpressNodejs\bookstore\node_modules\express\lib\router\layer.js:95:5)
    at F:\Study Material\ExpressNodejs\bookstore\node_modules\express\lib\router\index.js:284:15
    at param (F:\Study Material\ExpressNodejs\bookstore\node_modules\express\lib\router\index.js:365:14)
    at param (F:\Study Material\ExpressNodejs\bookstore\node_modules\express\lib\router\index.js:376:14)
    at Function.process_params (F:\Study Material\ExpressNodejs\bookstore\node_modules\express\lib\router\index.js:421:3)
    at next (F:\Study Material\ExpressNodejs\bookstore\node_modules\express\lib\router\index.js:280:10) 
    url - /api/v1/cart//add_cart_item/6215178d05253301a4fda5c4 
    method - POST 
    IP - ::1
   {"timestamp":"2022-06-02T12:12:58.663Z"}
info: Server started at http://localhost:3003/api/v1/ {"timestamp":"2022-06-02T12:13:36.554Z"}
info: Connected to the database. {"timestamp":"2022-06-02T12:13:36.601Z"}
info: Server started at http://localhost:3003/api/v1/ {"timestamp":"2022-06-02T12:14:12.144Z"}
info: Connected to the database. {"timestamp":"2022-06-02T12:14:12.181Z"}
error: 
    status - 500 
    message - JsonWebTokenError: invalid signature
    at F:\Study Material\ExpressNodejs\bookstore\node_modules\jsonwebtoken\verify.js:133:19
    at getSecret (F:\Study Material\ExpressNodejs\bookstore\node_modules\jsonwebtoken\verify.js:90:14)
    at Object.verify (F:\Study Material\ExpressNodejs\bookstore\node_modules\jsonwebtoken\verify.js:94:10)
    at _callee$ (F:\Study Material\ExpressNodejs\bookstore\src\middlewares\/auth.middleware.js:22:28)
    at tryCatch (F:\Study Material\ExpressNodejs\bookstore\node_modules\@babel\runtime\helpers\regeneratorRuntime.js:86:17)
    at Generator._invoke (F:\Study Material\ExpressNodejs\bookstore\node_modules\@babel\runtime\helpers\regeneratorRuntime.js:66:24)
    at Generator.next (F:\Study Material\ExpressNodejs\bookstore\node_modules\@babel\runtime\helpers\regeneratorRuntime.js:117:21)
    at asyncGeneratorStep (F:\Study Material\ExpressNodejs\bookstore\node_modules\@babel\runtime\helpers\asyncToGenerator.js:3:24)
    at _next (F:\Study Material\ExpressNodejs\bookstore\node_modules\@babel\runtime\helpers\asyncToGenerator.js:25:9)
    at F:\Study Material\ExpressNodejs\bookstore\node_modules\@babel\runtime\helpers\asyncToGenerator.js:32:7
    at new Promise (<anonymous>)
    at F:\Study Material\ExpressNodejs\bookstore\node_modules\@babel\runtime\helpers\asyncToGenerator.js:21:12
    at userAuth (F:\Study Material\ExpressNodejs\bookstore\src\middlewares\/auth.middleware.js:12:22)
    at Layer.handle [as handle_request] (F:\Study Material\ExpressNodejs\bookstore\node_modules\express\lib\router\layer.js:95:5)
    at next (F:\Study Material\ExpressNodejs\bookstore\node_modules\express\lib\router\route.js:144:13)
    at Route.dispatch (F:\Study Material\ExpressNodejs\bookstore\node_modules\express\lib\router\route.js:114:3)
    at Layer.handle [as handle_request] (F:\Study Material\ExpressNodejs\bookstore\node_modules\express\lib\router\layer.js:95:5)
    at F:\Study Material\ExpressNodejs\bookstore\node_modules\express\lib\router\index.js:284:15
    at param (F:\Study Material\ExpressNodejs\bookstore\node_modules\express\lib\router\index.js:365:14)
    at param (F:\Study Material\ExpressNodejs\bookstore\node_modules\express\lib\router\index.js:376:14)
    at Function.process_params (F:\Study Material\ExpressNodejs\bookstore\node_modules\express\lib\router\index.js:421:3)
    at next (F:\Study Material\ExpressNodejs\bookstore\node_modules\express\lib\router\index.js:280:10) 
    url - /api/v1/cart//add_cart_item/6215178d05253301a4fda5c4 
    method - POST 
    IP - ::1
   {"timestamp":"2022-06-02T12:14:17.024Z"}
info: Server started at http://localhost:3003/api/v1/ {"timestamp":"2022-06-02T12:14:48.848Z"}
info: Connected to the database. {"timestamp":"2022-06-02T12:14:48.949Z"}
error: 
    status - 500 
    message - JsonWebTokenError: invalid signature
    at F:\Study Material\ExpressNodejs\bookstore\node_modules\jsonwebtoken\verify.js:133:19
    at getSecret (F:\Study Material\ExpressNodejs\bookstore\node_modules\jsonwebtoken\verify.js:90:14)
    at Object.verify (F:\Study Material\ExpressNodejs\bookstore\node_modules\jsonwebtoken\verify.js:94:10)
    at _callee$ (F:\Study Material\ExpressNodejs\bookstore\src\middlewares\/auth.middleware.js:22:28)
    at tryCatch (F:\Study Material\ExpressNodejs\bookstore\node_modules\@babel\runtime\helpers\regeneratorRuntime.js:86:17)
    at Generator._invoke (F:\Study Material\ExpressNodejs\bookstore\node_modules\@babel\runtime\helpers\regeneratorRuntime.js:66:24)
    at Generator.next (F:\Study Material\ExpressNodejs\bookstore\node_modules\@babel\runtime\helpers\regeneratorRuntime.js:117:21)
    at asyncGeneratorStep (F:\Study Material\ExpressNodejs\bookstore\node_modules\@babel\runtime\helpers\asyncToGenerator.js:3:24)
    at _next (F:\Study Material\ExpressNodejs\bookstore\node_modules\@babel\runtime\helpers\asyncToGenerator.js:25:9)
    at F:\Study Material\ExpressNodejs\bookstore\node_modules\@babel\runtime\helpers\asyncToGenerator.js:32:7
    at new Promise (<anonymous>)
    at F:\Study Material\ExpressNodejs\bookstore\node_modules\@babel\runtime\helpers\asyncToGenerator.js:21:12
    at userAuth (F:\Study Material\ExpressNodejs\bookstore\src\middlewares\/auth.middleware.js:12:22)
    at Layer.handle [as handle_request] (F:\Study Material\ExpressNodejs\bookstore\node_modules\express\lib\router\layer.js:95:5)
    at next (F:\Study Material\ExpressNodejs\bookstore\node_modules\express\lib\router\route.js:144:13)
    at Route.dispatch (F:\Study Material\ExpressNodejs\bookstore\node_modules\express\lib\router\route.js:114:3)
    at Layer.handle [as handle_request] (F:\Study Material\ExpressNodejs\bookstore\node_modules\express\lib\router\layer.js:95:5)
    at F:\Study Material\ExpressNodejs\bookstore\node_modules\express\lib\router\index.js:284:15
    at param (F:\Study Material\ExpressNodejs\bookstore\node_modules\express\lib\router\index.js:365:14)
    at param (F:\Study Material\ExpressNodejs\bookstore\node_modules\express\lib\router\index.js:376:14)
    at Function.process_params (F:\Study Material\ExpressNodejs\bookstore\node_modules\express\lib\router\index.js:421:3)
    at next (F:\Study Material\ExpressNodejs\bookstore\node_modules\express\lib\router\index.js:280:10) 
    url - /api/v1/cart//add_cart_item/6215178d05253301a4fda5c4 
    method - POST 
    IP - ::1
   {"timestamp":"2022-06-02T12:15:50.824Z"}
info: Server started at http://localhost:3003/api/v1/ {"timestamp":"2022-06-02T12:17:20.410Z"}
info: Connected to the database. {"timestamp":"2022-06-02T12:17:20.493Z"}
info: Server started at http://localhost:3003/api/v1/ {"timestamp":"2022-06-02T12:17:33.124Z"}
info: Connected to the database. {"timestamp":"2022-06-02T12:17:33.169Z"}
error: 
    status - 500 
    message - JsonWebTokenError: invalid signature
    at F:\Study Material\ExpressNodejs\bookstore\node_modules\jsonwebtoken\verify.js:133:19
    at getSecret (F:\Study Material\ExpressNodejs\bookstore\node_modules\jsonwebtoken\verify.js:90:14)
    at Object.verify (F:\Study Material\ExpressNodejs\bookstore\node_modules\jsonwebtoken\verify.js:94:10)
    at _callee$ (F:\Study Material\ExpressNodejs\bookstore\src\middlewares\/auth.middleware.js:22:28)
    at tryCatch (F:\Study Material\ExpressNodejs\bookstore\node_modules\@babel\runtime\helpers\regeneratorRuntime.js:86:17)
    at Generator._invoke (F:\Study Material\ExpressNodejs\bookstore\node_modules\@babel\runtime\helpers\regeneratorRuntime.js:66:24)
    at Generator.next (F:\Study Material\ExpressNodejs\bookstore\node_modules\@babel\runtime\helpers\regeneratorRuntime.js:117:21)
    at asyncGeneratorStep (F:\Study Material\ExpressNodejs\bookstore\node_modules\@babel\runtime\helpers\asyncToGenerator.js:3:24)
    at _next (F:\Study Material\ExpressNodejs\bookstore\node_modules\@babel\runtime\helpers\asyncToGenerator.js:25:9)
    at F:\Study Material\ExpressNodejs\bookstore\node_modules\@babel\runtime\helpers\asyncToGenerator.js:32:7
    at new Promise (<anonymous>)
    at F:\Study Material\ExpressNodejs\bookstore\node_modules\@babel\runtime\helpers\asyncToGenerator.js:21:12
    at userAuth (F:\Study Material\ExpressNodejs\bookstore\src\middlewares\/auth.middleware.js:12:22)
    at Layer.handle [as handle_request] (F:\Study Material\ExpressNodejs\bookstore\node_modules\express\lib\router\layer.js:95:5)
    at next (F:\Study Material\ExpressNodejs\bookstore\node_modules\express\lib\router\route.js:144:13)
    at Route.dispatch (F:\Study Material\ExpressNodejs\bookstore\node_modules\express\lib\router\route.js:114:3)
    at Layer.handle [as handle_request] (F:\Study Material\ExpressNodejs\bookstore\node_modules\express\lib\router\layer.js:95:5)
    at F:\Study Material\ExpressNodejs\bookstore\node_modules\express\lib\router\index.js:284:15
    at param (F:\Study Material\ExpressNodejs\bookstore\node_modules\express\lib\router\index.js:365:14)
    at param (F:\Study Material\ExpressNodejs\bookstore\node_modules\express\lib\router\index.js:376:14)
    at Function.process_params (F:\Study Material\ExpressNodejs\bookstore\node_modules\express\lib\router\index.js:421:3)
    at next (F:\Study Material\ExpressNodejs\bookstore\node_modules\express\lib\router\index.js:280:10) 
    url - /api/v1/cart//add_cart_item/6215178d05253301a4fda5c4 
    method - POST 
    IP - ::1
   {"timestamp":"2022-06-02T12:17:37.379Z"}
info: Server started at http://localhost:3003/api/v1/ {"timestamp":"2022-06-02T12:25:45.864Z"}
info: Connected to the database. {"timestamp":"2022-06-02T12:25:45.914Z"}
error: 
    status - 500 
    message - JsonWebTokenError: invalid signature
    at F:\Study Material\ExpressNodejs\bookstore\node_modules\jsonwebtoken\verify.js:133:19
    at getSecret (F:\Study Material\ExpressNodejs\bookstore\node_modules\jsonwebtoken\verify.js:90:14)
    at Object.verify (F:\Study Material\ExpressNodejs\bookstore\node_modules\jsonwebtoken\verify.js:94:10)
    at _callee$ (F:\Study Material\ExpressNodejs\bookstore\src\middlewares\/auth.middleware.js:25:28)
    at tryCatch (F:\Study Material\ExpressNodejs\bookstore\node_modules\@babel\runtime\helpers\regeneratorRuntime.js:86:17)
    at Generator._invoke (F:\Study Material\ExpressNodejs\bookstore\node_modules\@babel\runtime\helpers\regeneratorRuntime.js:66:24)
    at Generator.next (F:\Study Material\ExpressNodejs\bookstore\node_modules\@babel\runtime\helpers\regeneratorRuntime.js:117:21)
    at asyncGeneratorStep (F:\Study Material\ExpressNodejs\bookstore\node_modules\@babel\runtime\helpers\asyncToGenerator.js:3:24)
    at _next (F:\Study Material\ExpressNodejs\bookstore\node_modules\@babel\runtime\helpers\asyncToGenerator.js:25:9)
    at F:\Study Material\ExpressNodejs\bookstore\node_modules\@babel\runtime\helpers\asyncToGenerator.js:32:7
    at new Promise (<anonymous>)
    at F:\Study Material\ExpressNodejs\bookstore\node_modules\@babel\runtime\helpers\asyncToGenerator.js:21:12
    at userAuth (F:\Study Material\ExpressNodejs\bookstore\src\middlewares\/auth.middleware.js:12:22)
    at Layer.handle [as handle_request] (F:\Study Material\ExpressNodejs\bookstore\node_modules\express\lib\router\layer.js:95:5)
    at next (F:\Study Material\ExpressNodejs\bookstore\node_modules\express\lib\router\route.js:144:13)
    at Route.dispatch (F:\Study Material\ExpressNodejs\bookstore\node_modules\express\lib\router\route.js:114:3)
    at Layer.handle [as handle_request] (F:\Study Material\ExpressNodejs\bookstore\node_modules\express\lib\router\layer.js:95:5)
    at F:\Study Material\ExpressNodejs\bookstore\node_modules\express\lib\router\index.js:284:15
    at param (F:\Study Material\ExpressNodejs\bookstore\node_modules\express\lib\router\index.js:365:14)
    at param (F:\Study Material\ExpressNodejs\bookstore\node_modules\express\lib\router\index.js:376:14)
    at Function.process_params (F:\Study Material\ExpressNodejs\bookstore\node_modules\express\lib\router\index.js:421:3)
    at next (F:\Study Material\ExpressNodejs\bookstore\node_modules\express\lib\router\index.js:280:10) 
    url - /api/v1/cart//add_cart_item/6215178d05253301a4fda5c4 
    method - POST 
    IP - ::1
   {"timestamp":"2022-06-02T12:25:50.270Z"}
info: Server started at http://localhost:3003/api/v1/ {"timestamp":"2022-06-02T12:53:04.538Z"}
info: Connected to the database. {"timestamp":"2022-06-02T12:53:04.571Z"}
error: 
    status - 500 
    message - JsonWebTokenError: invalid signature
    at F:\Study Material\ExpressNodejs\bookstore\node_modules\jsonwebtoken\verify.js:133:19
    at getSecret (F:\Study Material\ExpressNodejs\bookstore\node_modules\jsonwebtoken\verify.js:90:14)
    at Object.verify (F:\Study Material\ExpressNodejs\bookstore\node_modules\jsonwebtoken\verify.js:94:10)
    at _callee$ (F:\Study Material\ExpressNodejs\bookstore\src\middlewares\/auth.middleware.js:25:22)
    at tryCatch (F:\Study Material\ExpressNodejs\bookstore\node_modules\@babel\runtime\helpers\regeneratorRuntime.js:86:17)
    at Generator._invoke (F:\Study Material\ExpressNodejs\bookstore\node_modules\@babel\runtime\helpers\regeneratorRuntime.js:66:24)
    at Generator.next (F:\Study Material\ExpressNodejs\bookstore\node_modules\@babel\runtime\helpers\regeneratorRuntime.js:117:21)
    at asyncGeneratorStep (F:\Study Material\ExpressNodejs\bookstore\node_modules\@babel\runtime\helpers\asyncToGenerator.js:3:24)
    at _next (F:\Study Material\ExpressNodejs\bookstore\node_modules\@babel\runtime\helpers\asyncToGenerator.js:25:9)
    at F:\Study Material\ExpressNodejs\bookstore\node_modules\@babel\runtime\helpers\asyncToGenerator.js:32:7
    at new Promise (<anonymous>)
    at F:\Study Material\ExpressNodejs\bookstore\node_modules\@babel\runtime\helpers\asyncToGenerator.js:21:12
    at userAuth (F:\Study Material\ExpressNodejs\bookstore\src\middlewares\/auth.middleware.js:12:22)
    at Layer.handle [as handle_request] (F:\Study Material\ExpressNodejs\bookstore\node_modules\express\lib\router\layer.js:95:5)
    at next (F:\Study Material\ExpressNodejs\bookstore\node_modules\express\lib\router\route.js:144:13)
    at Route.dispatch (F:\Study Material\ExpressNodejs\bookstore\node_modules\express\lib\router\route.js:114:3)
    at Layer.handle [as handle_request] (F:\Study Material\ExpressNodejs\bookstore\node_modules\express\lib\router\layer.js:95:5)
    at F:\Study Material\ExpressNodejs\bookstore\node_modules\express\lib\router\index.js:284:15
    at param (F:\Study Material\ExpressNodejs\bookstore\node_modules\express\lib\router\index.js:365:14)
    at param (F:\Study Material\ExpressNodejs\bookstore\node_modules\express\lib\router\index.js:376:14)
    at Function.process_params (F:\Study Material\ExpressNodejs\bookstore\node_modules\express\lib\router\index.js:421:3)
    at next (F:\Study Material\ExpressNodejs\bookstore\node_modules\express\lib\router\index.js:280:10) 
    url - /api/v1/cart//add_cart_item/6215178d05253301a4fda5c4 
    method - POST 
    IP - ::1
   {"timestamp":"2022-06-02T12:53:09.941Z"}
