info: Server started at http://localhost:3003/api/v1/ {"timestamp":"2022-06-02T18:55:43.296Z"}
info: Connected to the database. {"timestamp":"2022-06-02T18:55:43.334Z"}
error: 
      status - 400
      message - Authorization token is incorrect 
      url - /api/v1/users/reset 
      method - PUT 
      IP - ::1
     {"timestamp":"2022-06-02T19:02:38.405Z"}
info: Server started at http://localhost:3003/api/v1/ {"timestamp":"2022-06-02T19:05:49.720Z"}
info: Connected to the database. {"timestamp":"2022-06-02T19:05:49.761Z"}
info: Server started at http://localhost:3003/api/v1/ {"timestamp":"2022-06-02T19:08:07.094Z"}
info: Connected to the database. {"timestamp":"2022-06-02T19:08:07.130Z"}
info: Server started at http://localhost:3003/api/v1/ {"timestamp":"2022-06-02T19:09:30.316Z"}
info: Connected to the database. {"timestamp":"2022-06-02T19:09:30.362Z"}
info: Server started at http://localhost:3003/api/v1/ {"timestamp":"2022-06-02T19:10:09.242Z"}
info: Connected to the database. {"timestamp":"2022-06-02T19:10:09.279Z"}
info: Server started at http://localhost:3003/api/v1/ {"timestamp":"2022-06-02T19:10:34.762Z"}
info: Connected to the database. {"timestamp":"2022-06-02T19:10:34.793Z"}
info: Server started at http://localhost:3003/api/v1/ {"timestamp":"2022-06-02T19:10:56.790Z"}
info: Connected to the database. {"timestamp":"2022-06-02T19:10:56.821Z"}
info: Server started at http://localhost:3003/api/v1/ {"timestamp":"2022-06-02T19:13:35.805Z"}
info: Connected to the database. {"timestamp":"2022-06-02T19:13:35.852Z"}
info: Server started at http://localhost:3003/api/v1/ {"timestamp":"2022-06-02T19:14:21.963Z"}
info: Connected to the database. {"timestamp":"2022-06-02T19:14:22.017Z"}
info: Server started at http://localhost:3003/api/v1/ {"timestamp":"2022-06-02T19:14:31.093Z"}
info: Connected to the database. {"timestamp":"2022-06-02T19:14:31.125Z"}
info: Server started at http://localhost:3003/api/v1/ {"timestamp":"2022-06-02T19:14:40.520Z"}
info: Connected to the database. {"timestamp":"2022-06-02T19:14:40.560Z"}
info: Server started at http://localhost:3003/api/v1/ {"timestamp":"2022-06-02T19:15:00.032Z"}
info: Connected to the database. {"timestamp":"2022-06-02T19:15:00.070Z"}
info: Server started at http://localhost:3003/api/v1/ {"timestamp":"2022-06-02T19:16:02.452Z"}
info: Connected to the database. {"timestamp":"2022-06-02T19:16:02.540Z"}
info: Server started at http://localhost:3003/api/v1/ {"timestamp":"2022-06-02T19:17:03.116Z"}
info: Connected to the database. {"timestamp":"2022-06-02T19:17:03.161Z"}
info: Server started at http://localhost:3003/api/v1/ {"timestamp":"2022-06-02T19:17:53.315Z"}
info: Connected to the database. {"timestamp":"2022-06-02T19:17:53.352Z"}
error: 
    status - 500 
    message - Error: there is no Book
    at _callee$ (F:\Study Material\ExpressNodejs\bookstore\src\services\/cart.service.js:46:15)
    at tryCatch (F:\Study Material\ExpressNodejs\bookstore\node_modules\@babel\runtime\helpers\regeneratorRuntime.js:86:17)
    at Generator._invoke (F:\Study Material\ExpressNodejs\bookstore\node_modules\@babel\runtime\helpers\regeneratorRuntime.js:66:24)
    at Generator.next (F:\Study Material\ExpressNodejs\bookstore\node_modules\@babel\runtime\helpers\regeneratorRuntime.js:117:21)
    at asyncGeneratorStep (F:\Study Material\ExpressNodejs\bookstore\node_modules\@babel\runtime\helpers\asyncToGenerator.js:3:24)
    at _next (F:\Study Material\ExpressNodejs\bookstore\node_modules\@babel\runtime\helpers\asyncToGenerator.js:25:9)
    at processTicksAndRejections (node:internal/process/task_queues:96:5) 
    url - /api/v1/cart//add_cart_item/6215178d05253301a4fda5c4 
    method - POST 
    IP - ::1
   {"timestamp":"2022-06-02T19:19:15.088Z"}
error: 
    status - 500 
    message - Error: there is no Book
    at _callee$ (F:\Study Material\ExpressNodejs\bookstore\src\services\/cart.service.js:46:15)
    at tryCatch (F:\Study Material\ExpressNodejs\bookstore\node_modules\@babel\runtime\helpers\regeneratorRuntime.js:86:17)
    at Generator._invoke (F:\Study Material\ExpressNodejs\bookstore\node_modules\@babel\runtime\helpers\regeneratorRuntime.js:66:24)
    at Generator.next (F:\Study Material\ExpressNodejs\bookstore\node_modules\@babel\runtime\helpers\regeneratorRuntime.js:117:21)
    at asyncGeneratorStep (F:\Study Material\ExpressNodejs\bookstore\node_modules\@babel\runtime\helpers\asyncToGenerator.js:3:24)
    at _next (F:\Study Material\ExpressNodejs\bookstore\node_modules\@babel\runtime\helpers\asyncToGenerator.js:25:9)
    at processTicksAndRejections (node:internal/process/task_queues:96:5) 
    url - /api/v1/cart//add_cart_item/6214803b05253301a4fda584 
    method - POST 
    IP - ::1
   {"timestamp":"2022-06-02T19:19:46.265Z"}
error: 
    status - 500 
    message - Error: there is no Book
    at _callee$ (F:\Study Material\ExpressNodejs\bookstore\src\services\/cart.service.js:46:15)
    at tryCatch (F:\Study Material\ExpressNodejs\bookstore\node_modules\@babel\runtime\helpers\regeneratorRuntime.js:86:17)
    at Generator._invoke (F:\Study Material\ExpressNodejs\bookstore\node_modules\@babel\runtime\helpers\regeneratorRuntime.js:66:24)
    at Generator.next (F:\Study Material\ExpressNodejs\bookstore\node_modules\@babel\runtime\helpers\regeneratorRuntime.js:117:21)
    at asyncGeneratorStep (F:\Study Material\ExpressNodejs\bookstore\node_modules\@babel\runtime\helpers\asyncToGenerator.js:3:24)
    at _next (F:\Study Material\ExpressNodejs\bookstore\node_modules\@babel\runtime\helpers\asyncToGenerator.js:25:9)
    at processTicksAndRejections (node:internal/process/task_queues:96:5) 
    url - /api/v1/cart//add_cart_item/616fdcc474dbc1000e41e655 
    method - POST 
    IP - ::1
   {"timestamp":"2022-06-02T19:19:58.779Z"}
info: Server started at http://localhost:3003/api/v1/ {"timestamp":"2022-06-02T19:23:12.183Z"}
info: Connected to the database. {"timestamp":"2022-06-02T19:23:12.224Z"}
info: Server started at http://localhost:3003/api/v1/ {"timestamp":"2022-06-02T19:23:28.987Z"}
info: Connected to the database. {"timestamp":"2022-06-02T19:23:29.022Z"}
error: 
    status - 500 
    message - Error: there is no Book
    at _callee$ (F:\Study Material\ExpressNodejs\bookstore\src\services\/cart.service.js:46:15)
    at tryCatch (F:\Study Material\ExpressNodejs\bookstore\node_modules\@babel\runtime\helpers\regeneratorRuntime.js:86:17)
    at Generator._invoke (F:\Study Material\ExpressNodejs\bookstore\node_modules\@babel\runtime\helpers\regeneratorRuntime.js:66:24)
    at Generator.next (F:\Study Material\ExpressNodejs\bookstore\node_modules\@babel\runtime\helpers\regeneratorRuntime.js:117:21)
    at asyncGeneratorStep (F:\Study Material\ExpressNodejs\bookstore\node_modules\@babel\runtime\helpers\asyncToGenerator.js:3:24)
    at _next (F:\Study Material\ExpressNodejs\bookstore\node_modules\@babel\runtime\helpers\asyncToGenerator.js:25:9)
    at processTicksAndRejections (node:internal/process/task_queues:96:5) 
    url - /api/v1/cart//add_cart_item/616fdcc474dbc1000e41e655 
    method - POST 
    IP - ::1
   {"timestamp":"2022-06-02T19:23:41.751Z"}
info: Server started at http://localhost:3003/api/v1/ {"timestamp":"2022-06-02T19:27:27.070Z"}
info: Connected to the database. {"timestamp":"2022-06-02T19:27:27.104Z"}
info: Server started at http://localhost:3003/api/v1/ {"timestamp":"2022-06-02T19:27:44.578Z"}
info: Connected to the database. {"timestamp":"2022-06-02T19:27:44.616Z"}
info: Server started at http://localhost:3003/api/v1/ {"timestamp":"2022-06-02T19:28:07.642Z"}
info: Connected to the database. {"timestamp":"2022-06-02T19:28:07.674Z"}
info: Server started at http://localhost:3003/api/v1/ {"timestamp":"2022-06-02T19:29:07.485Z"}
info: Connected to the database. {"timestamp":"2022-06-02T19:29:07.524Z"}
info: Server started at http://localhost:3003/api/v1/ {"timestamp":"2022-06-02T19:29:15.668Z"}
info: Connected to the database. {"timestamp":"2022-06-02T19:29:15.703Z"}
info: Server started at http://localhost:3003/api/v1/ {"timestamp":"2022-06-02T19:29:37.942Z"}
info: Connected to the database. {"timestamp":"2022-06-02T19:29:37.977Z"}
info: Server started at http://localhost:3003/api/v1/ {"timestamp":"2022-06-02T19:29:44.881Z"}
info: Connected to the database. {"timestamp":"2022-06-02T19:29:44.918Z"}
info: Server started at http://localhost:3003/api/v1/ {"timestamp":"2022-06-02T19:29:56.642Z"}
info: Connected to the database. {"timestamp":"2022-06-02T19:29:56.673Z"}
info: Server started at http://localhost:3003/api/v1/ {"timestamp":"2022-06-02T19:30:10.006Z"}
info: Connected to the database. {"timestamp":"2022-06-02T19:30:10.074Z"}
info: Server started at http://localhost:3003/api/v1/ {"timestamp":"2022-06-02T19:30:45.676Z"}
info: Connected to the database. {"timestamp":"2022-06-02T19:30:45.708Z"}
info: Server started at http://localhost:3003/api/v1/ {"timestamp":"2022-06-02T19:30:59.672Z"}
info: Connected to the database. {"timestamp":"2022-06-02T19:30:59.708Z"}
info: Server started at http://localhost:3003/api/v1/ {"timestamp":"2022-06-02T19:32:44.954Z"}
info: Connected to the database. {"timestamp":"2022-06-02T19:32:44.987Z"}
error: 
    status - 500 
    message - Error: there is no Book
    at _callee$ (F:\Study Material\ExpressNodejs\bookstore\src\services\/cart.service.js:46:15)
    at tryCatch (F:\Study Material\ExpressNodejs\bookstore\node_modules\@babel\runtime\helpers\regeneratorRuntime.js:86:17)
    at Generator._invoke (F:\Study Material\ExpressNodejs\bookstore\node_modules\@babel\runtime\helpers\regeneratorRuntime.js:66:24)
    at Generator.next (F:\Study Material\ExpressNodejs\bookstore\node_modules\@babel\runtime\helpers\regeneratorRuntime.js:117:21)
    at asyncGeneratorStep (F:\Study Material\ExpressNodejs\bookstore\node_modules\@babel\runtime\helpers\asyncToGenerator.js:3:24)
    at _next (F:\Study Material\ExpressNodejs\bookstore\node_modules\@babel\runtime\helpers\asyncToGenerator.js:25:9)
    at processTicksAndRejections (node:internal/process/task_queues:96:5) 
    url - /api/v1/cart/add_cart_item/%7BbookId%7D 
    method - POST 
    IP - ::1
   {"timestamp":"2022-06-02T19:33:32.953Z"}
info: Server started at http://localhost:3003/api/v1/ {"timestamp":"2022-06-02T19:37:27.498Z"}
info: Connected to the database. {"timestamp":"2022-06-02T19:37:27.534Z"}
info: Server started at http://localhost:3003/api/v1/ {"timestamp":"2022-06-02T19:40:13.076Z"}
info: Connected to the database. {"timestamp":"2022-06-02T19:40:13.109Z"}
info: Server started at http://localhost:3003/api/v1/ {"timestamp":"2022-06-02T19:47:04.501Z"}
info: Connected to the database. {"timestamp":"2022-06-02T19:47:04.540Z"}
error: 
    status - 500 
    message - Error: there is no Book
    at _callee$ (F:\Study Material\ExpressNodejs\bookstore\src\services\/cart.service.js:46:15)
    at tryCatch (F:\Study Material\ExpressNodejs\bookstore\node_modules\@babel\runtime\helpers\regeneratorRuntime.js:86:17)
    at Generator._invoke (F:\Study Material\ExpressNodejs\bookstore\node_modules\@babel\runtime\helpers\regeneratorRuntime.js:66:24)
    at Generator.next (F:\Study Material\ExpressNodejs\bookstore\node_modules\@babel\runtime\helpers\regeneratorRuntime.js:117:21)
    at asyncGeneratorStep (F:\Study Material\ExpressNodejs\bookstore\node_modules\@babel\runtime\helpers\asyncToGenerator.js:3:24)
    at _next (F:\Study Material\ExpressNodejs\bookstore\node_modules\@babel\runtime\helpers\asyncToGenerator.js:25:9)
    at processTicksAndRejections (node:internal/process/task_queues:96:5) 
    url - /api/v1/cart//add_cart_item/616fdcc474dbc1000e41e655 
    method - POST 
    IP - ::1
   {"timestamp":"2022-06-02T19:47:34.587Z"}
info: Server started at http://localhost:3003/api/v1/ {"timestamp":"2022-06-02T19:47:53.908Z"}
info: Connected to the database. {"timestamp":"2022-06-02T19:47:53.970Z"}
info: Server started at http://localhost:3003/api/v1/ {"timestamp":"2022-06-02T19:49:23.453Z"}
info: Connected to the database. {"timestamp":"2022-06-02T19:49:23.486Z"}
error: 
    status - 500 
    message - Error: there is no Book
    at _callee$ (F:\Study Material\ExpressNodejs\bookstore\src\services\/cart.service.js:46:15)
    at tryCatch (F:\Study Material\ExpressNodejs\bookstore\node_modules\@babel\runtime\helpers\regeneratorRuntime.js:86:17)
    at Generator._invoke (F:\Study Material\ExpressNodejs\bookstore\node_modules\@babel\runtime\helpers\regeneratorRuntime.js:66:24)
    at Generator.next (F:\Study Material\ExpressNodejs\bookstore\node_modules\@babel\runtime\helpers\regeneratorRuntime.js:117:21)
    at asyncGeneratorStep (F:\Study Material\ExpressNodejs\bookstore\node_modules\@babel\runtime\helpers\asyncToGenerator.js:3:24)
    at _next (F:\Study Material\ExpressNodejs\bookstore\node_modules\@babel\runtime\helpers\asyncToGenerator.js:25:9)
    at processTicksAndRejections (node:internal/process/task_queues:96:5) 
    url - /api/v1/cart//add_cart_item/616fdcc474dbc1000e41e655 
    method - POST 
    IP - ::1
   {"timestamp":"2022-06-02T19:49:25.541Z"}
info: Server started at http://localhost:3003/api/v1/ {"timestamp":"2022-06-02T19:52:47.837Z"}
info: Connected to the database. {"timestamp":"2022-06-02T19:52:47.869Z"}
error: 
    status - 500 
    message - Error: there is no Book
    at _callee$ (F:\Study Material\ExpressNodejs\bookstore\src\services\/cart.service.js:46:15)
    at tryCatch (F:\Study Material\ExpressNodejs\bookstore\node_modules\@babel\runtime\helpers\regeneratorRuntime.js:86:17)
    at Generator._invoke (F:\Study Material\ExpressNodejs\bookstore\node_modules\@babel\runtime\helpers\regeneratorRuntime.js:66:24)
    at Generator.next (F:\Study Material\ExpressNodejs\bookstore\node_modules\@babel\runtime\helpers\regeneratorRuntime.js:117:21)
    at asyncGeneratorStep (F:\Study Material\ExpressNodejs\bookstore\node_modules\@babel\runtime\helpers\asyncToGenerator.js:3:24)
    at _next (F:\Study Material\ExpressNodejs\bookstore\node_modules\@babel\runtime\helpers\asyncToGenerator.js:25:9)
    at processTicksAndRejections (node:internal/process/task_queues:96:5) 
    url - /api/v1/cart//add_cart_item/616fdcc474dbc1000e41e655 
    method - POST 
    IP - ::1
   {"timestamp":"2022-06-02T19:52:52.289Z"}
info: Server started at http://localhost:3003/api/v1/ {"timestamp":"2022-06-02T19:53:51.436Z"}
info: Connected to the database. {"timestamp":"2022-06-02T19:53:51.470Z"}
error: 
    status - 500 
    message - Error: there is no Book
    at _callee$ (F:\Study Material\ExpressNodejs\bookstore\src\services\/cart.service.js:46:15)
    at tryCatch (F:\Study Material\ExpressNodejs\bookstore\node_modules\@babel\runtime\helpers\regeneratorRuntime.js:86:17)
    at Generator._invoke (F:\Study Material\ExpressNodejs\bookstore\node_modules\@babel\runtime\helpers\regeneratorRuntime.js:66:24)
    at Generator.next (F:\Study Material\ExpressNodejs\bookstore\node_modules\@babel\runtime\helpers\regeneratorRuntime.js:117:21)
    at asyncGeneratorStep (F:\Study Material\ExpressNodejs\bookstore\node_modules\@babel\runtime\helpers\asyncToGenerator.js:3:24)
    at _next (F:\Study Material\ExpressNodejs\bookstore\node_modules\@babel\runtime\helpers\asyncToGenerator.js:25:9)
    at processTicksAndRejections (node:internal/process/task_queues:96:5) 
    url - /api/v1/cart//add_cart_item/616fdcc474dbc1000e41e655 
    method - POST 
    IP - ::1
   {"timestamp":"2022-06-02T19:53:55.515Z"}
info: Server started at http://localhost:3003/api/v1/ {"timestamp":"2022-06-02T19:54:13.263Z"}
info: Connected to the database. {"timestamp":"2022-06-02T19:54:13.296Z"}
error: 
    status - 500 
    message - Error: there is no Book
    at _callee$ (F:\Study Material\ExpressNodejs\bookstore\src\services\/cart.service.js:46:15)
    at tryCatch (F:\Study Material\ExpressNodejs\bookstore\node_modules\@babel\runtime\helpers\regeneratorRuntime.js:86:17)
    at Generator._invoke (F:\Study Material\ExpressNodejs\bookstore\node_modules\@babel\runtime\helpers\regeneratorRuntime.js:66:24)
    at Generator.next (F:\Study Material\ExpressNodejs\bookstore\node_modules\@babel\runtime\helpers\regeneratorRuntime.js:117:21)
    at asyncGeneratorStep (F:\Study Material\ExpressNodejs\bookstore\node_modules\@babel\runtime\helpers\asyncToGenerator.js:3:24)
    at _next (F:\Study Material\ExpressNodejs\bookstore\node_modules\@babel\runtime\helpers\asyncToGenerator.js:25:9)
    at processTicksAndRejections (node:internal/process/task_queues:96:5) 
    url - /api/v1/cart//add_cart_item/616fdcc474dbc1000e41e655 
    method - POST 
    IP - ::1
   {"timestamp":"2022-06-02T19:54:17.874Z"}
info: Server started at http://localhost:3003/api/v1/ {"timestamp":"2022-06-02T19:54:44.653Z"}
info: Connected to the database. {"timestamp":"2022-06-02T19:54:44.700Z"}
error: 
    status - 500 
    message - Error: there is no Book
    at _callee$ (F:\Study Material\ExpressNodejs\bookstore\src\services\/cart.service.js:46:15)
    at tryCatch (F:\Study Material\ExpressNodejs\bookstore\node_modules\@babel\runtime\helpers\regeneratorRuntime.js:86:17)
    at Generator._invoke (F:\Study Material\ExpressNodejs\bookstore\node_modules\@babel\runtime\helpers\regeneratorRuntime.js:66:24)
    at Generator.next (F:\Study Material\ExpressNodejs\bookstore\node_modules\@babel\runtime\helpers\regeneratorRuntime.js:117:21)
    at asyncGeneratorStep (F:\Study Material\ExpressNodejs\bookstore\node_modules\@babel\runtime\helpers\asyncToGenerator.js:3:24)
    at _next (F:\Study Material\ExpressNodejs\bookstore\node_modules\@babel\runtime\helpers\asyncToGenerator.js:25:9)
    at processTicksAndRejections (node:internal/process/task_queues:96:5) 
    url - /api/v1/cart//add_cart_item/616fdcc474dbc1000e41e655 
    method - POST 
    IP - ::1
   {"timestamp":"2022-06-02T19:54:49.303Z"}
info: Server started at http://localhost:3003/api/v1/ {"timestamp":"2022-06-02T19:55:11.730Z"}
info: Connected to the database. {"timestamp":"2022-06-02T19:55:11.782Z"}
error: 
    status - 500 
    message - Error: there is no Book
    at _callee$ (F:\Study Material\ExpressNodejs\bookstore\src\services\/cart.service.js:46:15)
    at tryCatch (F:\Study Material\ExpressNodejs\bookstore\node_modules\@babel\runtime\helpers\regeneratorRuntime.js:86:17)
    at Generator._invoke (F:\Study Material\ExpressNodejs\bookstore\node_modules\@babel\runtime\helpers\regeneratorRuntime.js:66:24)
    at Generator.next (F:\Study Material\ExpressNodejs\bookstore\node_modules\@babel\runtime\helpers\regeneratorRuntime.js:117:21)
    at asyncGeneratorStep (F:\Study Material\ExpressNodejs\bookstore\node_modules\@babel\runtime\helpers\asyncToGenerator.js:3:24)
    at _next (F:\Study Material\ExpressNodejs\bookstore\node_modules\@babel\runtime\helpers\asyncToGenerator.js:25:9)
    at processTicksAndRejections (node:internal/process/task_queues:96:5) 
    url - /api/v1/cart//add_cart_item/616fdcc474dbc1000e41e655 
    method - POST 
    IP - ::1
   {"timestamp":"2022-06-02T19:55:11.882Z"}
info: Server started at http://localhost:3003/api/v1/ {"timestamp":"2022-06-03T02:49:44.828Z"}
info: Connected to the database. {"timestamp":"2022-06-03T02:49:44.897Z"}
error: 
    status - 500 
    message - Error: there is no Book
    at _callee$ (F:\Study Material\ExpressNodejs\bookstore\src\services\/cart.service.js:46:15)
    at tryCatch (F:\Study Material\ExpressNodejs\bookstore\node_modules\@babel\runtime\helpers\regeneratorRuntime.js:86:17)
    at Generator._invoke (F:\Study Material\ExpressNodejs\bookstore\node_modules\@babel\runtime\helpers\regeneratorRuntime.js:66:24)
    at Generator.next (F:\Study Material\ExpressNodejs\bookstore\node_modules\@babel\runtime\helpers\regeneratorRuntime.js:117:21)
    at asyncGeneratorStep (F:\Study Material\ExpressNodejs\bookstore\node_modules\@babel\runtime\helpers\asyncToGenerator.js:3:24)
    at _next (F:\Study Material\ExpressNodejs\bookstore\node_modules\@babel\runtime\helpers\asyncToGenerator.js:25:9)
    at processTicksAndRejections (node:internal/process/task_queues:96:5) 
    url - /api/v1/cart//add_cart_item/616fdcc474dbc1000e41e655 
    method - POST 
    IP - ::1
   {"timestamp":"2022-06-03T02:49:57.686Z"}
info: Server started at http://localhost:3003/api/v1/ {"timestamp":"2022-06-03T02:51:05.654Z"}
info: Connected to the database. {"timestamp":"2022-06-03T02:51:05.727Z"}
info: Server started at http://localhost:3003/api/v1/ {"timestamp":"2022-06-03T02:51:47.709Z"}
info: Connected to the database. {"timestamp":"2022-06-03T02:51:47.818Z"}
info: Server started at http://localhost:3003/api/v1/ {"timestamp":"2022-06-03T02:52:16.475Z"}
info: Connected to the database. {"timestamp":"2022-06-03T02:52:16.517Z"}
error: 
    status - 500 
    message - Error: there is no Book
    at _callee$ (F:\Study Material\ExpressNodejs\bookstore\src\services\/cart.service.js:46:15)
    at tryCatch (F:\Study Material\ExpressNodejs\bookstore\node_modules\@babel\runtime\helpers\regeneratorRuntime.js:86:17)
    at Generator._invoke (F:\Study Material\ExpressNodejs\bookstore\node_modules\@babel\runtime\helpers\regeneratorRuntime.js:66:24)
    at Generator.next (F:\Study Material\ExpressNodejs\bookstore\node_modules\@babel\runtime\helpers\regeneratorRuntime.js:117:21)
    at asyncGeneratorStep (F:\Study Material\ExpressNodejs\bookstore\node_modules\@babel\runtime\helpers\asyncToGenerator.js:3:24)
    at _next (F:\Study Material\ExpressNodejs\bookstore\node_modules\@babel\runtime\helpers\asyncToGenerator.js:25:9)
    at processTicksAndRejections (node:internal/process/task_queues:96:5) 
    url - /api/v1/cart//add_cart_item/616fdcc474dbc1000e41e655 
    method - POST 
    IP - ::1
   {"timestamp":"2022-06-03T02:52:19.907Z"}
error: 
    status - 500 
    message - TypeError: Cannot read properties of null (reading 'email')
    at _callee4$ (F:\Study Material\ExpressNodejs\bookstore\src\services\/user.service.js:62:17)
    at tryCatch (F:\Study Material\ExpressNodejs\bookstore\node_modules\@babel\runtime\helpers\regeneratorRuntime.js:86:17)
    at Generator._invoke (F:\Study Material\ExpressNodejs\bookstore\node_modules\@babel\runtime\helpers\regeneratorRuntime.js:66:24)
    at Generator.next (F:\Study Material\ExpressNodejs\bookstore\node_modules\@babel\runtime\helpers\regeneratorRuntime.js:117:21)
    at asyncGeneratorStep (F:\Study Material\ExpressNodejs\bookstore\node_modules\@babel\runtime\helpers\asyncToGenerator.js:3:24)
    at _next (F:\Study Material\ExpressNodejs\bookstore\node_modules\@babel\runtime\helpers\asyncToGenerator.js:25:9)
    at processTicksAndRejections (node:internal/process/task_queues:96:5) 
    url - /api/v1/users/forget 
    method - POST 
    IP - ::1
   {"timestamp":"2022-06-03T02:58:51.151Z"}
info: Server started at http://localhost:3003/api/v1/ {"timestamp":"2022-06-03T03:00:51.450Z"}
info: Connected to the database. {"timestamp":"2022-06-03T03:00:51.497Z"}
error: 
    status - 500 
    message - Error: Email is not registered
    at _callee4$ (F:\Study Material\ExpressNodejs\bookstore\src\services\/user.service.js:70:11)
    at tryCatch (F:\Study Material\ExpressNodejs\bookstore\node_modules\@babel\runtime\helpers\regeneratorRuntime.js:86:17)
    at Generator._invoke (F:\Study Material\ExpressNodejs\bookstore\node_modules\@babel\runtime\helpers\regeneratorRuntime.js:66:24)
    at Generator.next (F:\Study Material\ExpressNodejs\bookstore\node_modules\@babel\runtime\helpers\regeneratorRuntime.js:117:21)
    at asyncGeneratorStep (F:\Study Material\ExpressNodejs\bookstore\node_modules\@babel\runtime\helpers\asyncToGenerator.js:3:24)
    at _next (F:\Study Material\ExpressNodejs\bookstore\node_modules\@babel\runtime\helpers\asyncToGenerator.js:25:9)
    at processTicksAndRejections (node:internal/process/task_queues:96:5) 
    url - /api/v1/users/forget 
    method - POST 
    IP - ::1
   {"timestamp":"2022-06-03T03:00:55.928Z"}
error: 
      status - 400
      message - Authorization token is incorrect 
      url - /api/v1/users/reset 
      method - PUT 
      IP - ::1
     {"timestamp":"2022-06-03T03:06:02.969Z"}
error: 
    status - 500 
    message - Error: there is no Book
    at _callee$ (F:\Study Material\ExpressNodejs\bookstore\src\services\/cart.service.js:46:15)
    at tryCatch (F:\Study Material\ExpressNodejs\bookstore\node_modules\@babel\runtime\helpers\regeneratorRuntime.js:86:17)
    at Generator._invoke (F:\Study Material\ExpressNodejs\bookstore\node_modules\@babel\runtime\helpers\regeneratorRuntime.js:66:24)
    at Generator.next (F:\Study Material\ExpressNodejs\bookstore\node_modules\@babel\runtime\helpers\regeneratorRuntime.js:117:21)
    at asyncGeneratorStep (F:\Study Material\ExpressNodejs\bookstore\node_modules\@babel\runtime\helpers\asyncToGenerator.js:3:24)
    at _next (F:\Study Material\ExpressNodejs\bookstore\node_modules\@babel\runtime\helpers\asyncToGenerator.js:25:9)
    at processTicksAndRejections (node:internal/process/task_queues:96:5) 
    url - /api/v1/cart//add_cart_item/6215888305253301a4fda5cd 
    method - POST 
    IP - ::1
   {"timestamp":"2022-06-03T03:07:50.815Z"}
error: 
    status - 500 
    message - Error: there is no Book
    at _callee$ (F:\Study Material\ExpressNodejs\bookstore\src\services\/cart.service.js:46:15)
    at tryCatch (F:\Study Material\ExpressNodejs\bookstore\node_modules\@babel\runtime\helpers\regeneratorRuntime.js:86:17)
    at Generator._invoke (F:\Study Material\ExpressNodejs\bookstore\node_modules\@babel\runtime\helpers\regeneratorRuntime.js:66:24)
    at Generator.next (F:\Study Material\ExpressNodejs\bookstore\node_modules\@babel\runtime\helpers\regeneratorRuntime.js:117:21)
    at asyncGeneratorStep (F:\Study Material\ExpressNodejs\bookstore\node_modules\@babel\runtime\helpers\asyncToGenerator.js:3:24)
    at _next (F:\Study Material\ExpressNodejs\bookstore\node_modules\@babel\runtime\helpers\asyncToGenerator.js:25:9)
    at processTicksAndRejections (node:internal/process/task_queues:96:5) 
    url - /api/v1/cart/add_cart_item/6215888305253301a4fda5cd 
    method - POST 
    IP - ::1
   {"timestamp":"2022-06-03T03:08:22.655Z"}
info: Server started at http://localhost:3003/api/v1/ {"timestamp":"2022-06-03T03:09:41.343Z"}
info: Connected to the database. {"timestamp":"2022-06-03T03:09:41.423Z"}
info: Server started at http://localhost:3003/api/v1/ {"timestamp":"2022-06-03T03:10:02.574Z"}
info: Connected to the database. {"timestamp":"2022-06-03T03:10:02.618Z"}
error: 
    status - 500 
    message - ReferenceError: newCart is not defined
    at _callee$ (F:\Study Material\ExpressNodejs\bookstore\src\services\/cart.service.js:5:26)
    at tryCatch (F:\Study Material\ExpressNodejs\bookstore\node_modules\@babel\runtime\helpers\regeneratorRuntime.js:86:17)
    at Generator._invoke (F:\Study Material\ExpressNodejs\bookstore\node_modules\@babel\runtime\helpers\regeneratorRuntime.js:66:24)
    at Generator.next (F:\Study Material\ExpressNodejs\bookstore\node_modules\@babel\runtime\helpers\regeneratorRuntime.js:117:21)
    at asyncGeneratorStep (F:\Study Material\ExpressNodejs\bookstore\node_modules\@babel\runtime\helpers\asyncToGenerator.js:3:24)
    at _next (F:\Study Material\ExpressNodejs\bookstore\node_modules\@babel\runtime\helpers\asyncToGenerator.js:25:9)
    at processTicksAndRejections (node:internal/process/task_queues:96:5) 
    url - /api/v1/cart/add_cart_item/6215888305253301a4fda5cd 
    method - POST 
    IP - ::1
   {"timestamp":"2022-06-03T03:10:07.744Z"}
info: Server started at http://localhost:3003/api/v1/ {"timestamp":"2022-06-03T03:10:56.674Z"}
info: Connected to the database. {"timestamp":"2022-06-03T03:10:56.725Z"}
info: Server started at http://localhost:3003/api/v1/ {"timestamp":"2022-06-03T03:11:52.183Z"}
info: Connected to the database. {"timestamp":"2022-06-03T03:11:52.242Z"}
info: Server started at http://localhost:3003/api/v1/ {"timestamp":"2022-06-03T03:14:57.843Z"}
info: Connected to the database. {"timestamp":"2022-06-03T03:14:57.890Z"}
info: Server started at http://localhost:3003/api/v1/ {"timestamp":"2022-06-03T03:17:47.274Z"}
info: Connected to the database. {"timestamp":"2022-06-03T03:17:47.454Z"}
error: 
    status - 500 
    message - CastError: Cast to ObjectId failed for value "{ userId: 'sidefa5785@musezoo.com' }" (type Object) at path "_id" for model "Cart"
    at model.Query.exec (F:\Study Material\ExpressNodejs\bookstore\node_modules\mongoose\lib\query.js:4498:21)
    at model.Query.Query.then (F:\Study Material\ExpressNodejs\bookstore\node_modules\mongoose\lib\query.js:4592:15)
    at processTicksAndRejections (node:internal/process/task_queues:96:5) 
    url - /api/v1/cart/add_cart_item/621588f105253301a4fda5d0 
    method - POST 
    IP - ::1
   {"timestamp":"2022-06-03T03:18:03.128Z"}
info: Server started at http://localhost:3003/api/v1/ {"timestamp":"2022-06-03T03:19:27.544Z"}
info: Connected to the database. {"timestamp":"2022-06-03T03:19:27.589Z"}
info: Server started at http://localhost:3003/api/v1/ {"timestamp":"2022-06-03T03:22:21.309Z"}
info: Connected to the database. {"timestamp":"2022-06-03T03:22:21.467Z"}
info: Connected to the database. {"timestamp":"2022-06-03T03:22:33.397Z"}
info: Connected to the database. {"timestamp":"2022-06-03T10:21:58.404Z"}
info: Connected to the database. {"timestamp":"2022-06-03T11:31:30.228Z"}
info: Connected to the database. {"timestamp":"2022-06-03T11:31:43.984Z"}
info: Connected to the database. {"timestamp":"2022-06-03T11:31:51.223Z"}
info: Connected to the database. {"timestamp":"2022-06-03T11:32:11.091Z"}
info: Connected to the database. {"timestamp":"2022-06-03T11:32:59.890Z"}
info: Server started at http://localhost:3003/api/v1/ {"timestamp":"2022-06-03T11:34:13.862Z"}
info: Connected to the database. {"timestamp":"2022-06-03T11:34:13.893Z"}
info: Server started at http://localhost:3003/api/v1/ {"timestamp":"2022-06-03T11:34:36.971Z"}
info: Connected to the database. {"timestamp":"2022-06-03T11:34:37.017Z"}
error: 
    status - 500 
    message - ReferenceError: Note is not defined
    at _callee2$ (F:\Study Material\ExpressNodejs\bookstore\src\services\/cart.service.js:59:24)
    at tryCatch (F:\Study Material\ExpressNodejs\bookstore\node_modules\@babel\runtime\helpers\regeneratorRuntime.js:86:17)
    at Generator._invoke (F:\Study Material\ExpressNodejs\bookstore\node_modules\@babel\runtime\helpers\regeneratorRuntime.js:66:24)
    at Generator.next (F:\Study Material\ExpressNodejs\bookstore\node_modules\@babel\runtime\helpers\regeneratorRuntime.js:117:21)
    at asyncGeneratorStep (F:\Study Material\ExpressNodejs\bookstore\node_modules\@babel\runtime\helpers\asyncToGenerator.js:3:24)
    at _next (F:\Study Material\ExpressNodejs\bookstore\node_modules\@babel\runtime\helpers\asyncToGenerator.js:25:9)
    at F:\Study Material\ExpressNodejs\bookstore\node_modules\@babel\runtime\helpers\asyncToGenerator.js:32:7
    at new Promise (<anonymous>)
    at Object.<anonymous> (F:\Study Material\ExpressNodejs\bookstore\node_modules\@babel\runtime\helpers\asyncToGenerator.js:21:12)
    at Object.getCart (F:\Study Material\ExpressNodejs\bookstore\src\services\/cart.service.js:59:21)
    at _callee2$ (F:\Study Material\ExpressNodejs\bookstore\src\controllers\/cart.controller.js:27:38)
    at tryCatch (F:\Study Material\ExpressNodejs\bookstore\node_modules\@babel\runtime\helpers\regeneratorRuntime.js:86:17)
    at Generator._invoke (F:\Study Material\ExpressNodejs\bookstore\node_modules\@babel\runtime\helpers\regeneratorRuntime.js:66:24)
    at Generator.next (F:\Study Material\ExpressNodejs\bookstore\node_modules\@babel\runtime\helpers\regeneratorRuntime.js:117:21)
    at asyncGeneratorStep (F:\Study Material\ExpressNodejs\bookstore\node_modules\@babel\runtime\helpers\asyncToGenerator.js:3:24)
    at _next (F:\Study Material\ExpressNodejs\bookstore\node_modules\@babel\runtime\helpers\asyncToGenerator.js:25:9)
    at F:\Study Material\ExpressNodejs\bookstore\node_modules\@babel\runtime\helpers\asyncToGenerator.js:32:7
    at new Promise (<anonymous>)
    at F:\Study Material\ExpressNodejs\bookstore\node_modules\@babel\runtime\helpers\asyncToGenerator.js:21:12
    at getCart (F:\Study Material\ExpressNodejs\bookstore\src\controllers\/cart.controller.js:23:23)
    at Layer.handle [as handle_request] (F:\Study Material\ExpressNodejs\bookstore\node_modules\express\lib\router\layer.js:95:5)
    at next (F:\Study Material\ExpressNodejs\bookstore\node_modules\express\lib\router\route.js:144:13) 
    url - /api/v1/cart/get_cart_item/6215888305253301a4fda5cd 
    method - GET 
    IP - ::1
   {"timestamp":"2022-06-03T11:35:30.703Z"}
info: Server started at http://localhost:3003/api/v1/ {"timestamp":"2022-06-03T11:47:40.094Z"}
info: Connected to the database. {"timestamp":"2022-06-03T11:47:40.132Z"}
error: 
    status - 500 
    message - CastError: Cast to ObjectId failed for value "{ _id: undefined, UserId: { userId: 'sidefa5785@musezoo.com' } }" (type Object) at path "_id" for model "Cart"
    at model.Query.exec (F:\Study Material\ExpressNodejs\bookstore\node_modules\mongoose\lib\query.js:4498:21)
    at model.Query.Query.then (F:\Study Material\ExpressNodejs\bookstore\node_modules\mongoose\lib\query.js:4592:15)
    at processTicksAndRejections (node:internal/process/task_queues:96:5) 
    url - /api/v1/cart/get_cart_item/6215888305253301a4fda5cd 
    method - GET 
    IP - ::1
   {"timestamp":"2022-06-03T11:47:52.989Z"}
info: Server started at http://localhost:3003/api/v1/ {"timestamp":"2022-06-03T11:49:36.636Z"}
info: Connected to the database. {"timestamp":"2022-06-03T11:49:36.700Z"}
error: 
    status - 500 
    message - CastError: Cast to ObjectId failed for value "{ _id: undefined, userId: { userId: 'sidefa5785@musezoo.com' } }" (type Object) at path "_id" for model "Cart"
    at model.Query.exec (F:\Study Material\ExpressNodejs\bookstore\node_modules\mongoose\lib\query.js:4498:21)
    at model.Query.Query.then (F:\Study Material\ExpressNodejs\bookstore\node_modules\mongoose\lib\query.js:4592:15)
    at processTicksAndRejections (node:internal/process/task_queues:96:5) 
    url - /api/v1/cart/get_cart_item/6215888305253301a4fda5cd 
    method - GET 
    IP - ::1
   {"timestamp":"2022-06-03T11:49:40.872Z"}
info: Server started at http://localhost:3003/api/v1/ {"timestamp":"2022-06-03T11:52:15.517Z"}
info: Connected to the database. {"timestamp":"2022-06-03T11:52:15.559Z"}
info: Server started at http://localhost:3003/api/v1/ {"timestamp":"2022-06-03T11:58:47.724Z"}
info: Connected to the database. {"timestamp":"2022-06-03T11:58:47.754Z"}
info: Server started at http://localhost:3003/api/v1/ {"timestamp":"2022-06-03T11:59:01.951Z"}
info: Connected to the database. {"timestamp":"2022-06-03T11:59:01.981Z"}
info: Server started at http://localhost:3003/api/v1/ {"timestamp":"2022-06-03T12:00:29.539Z"}
info: Connected to the database. {"timestamp":"2022-06-03T12:00:29.568Z"}
info: Server started at http://localhost:3003/api/v1/ {"timestamp":"2022-06-03T12:05:47.445Z"}
info: Connected to the database. {"timestamp":"2022-06-03T12:05:47.477Z"}
info: Server started at http://localhost:3003/api/v1/ {"timestamp":"2022-06-03T12:05:56.588Z"}
info: Connected to the database. {"timestamp":"2022-06-03T12:05:56.620Z"}
info: Server started at http://localhost:3003/api/v1/ {"timestamp":"2022-06-03T12:06:14.157Z"}
info: Connected to the database. {"timestamp":"2022-06-03T12:06:14.195Z"}
info: Server started at http://localhost:3003/api/v1/ {"timestamp":"2022-06-03T12:06:35.736Z"}
info: Connected to the database. {"timestamp":"2022-06-03T12:06:35.776Z"}
error: 
    status - 500 
    message - Error: User not Registered
    at _callee3$ (F:\Study Material\ExpressNodejs\bookstore\src\services\/user.service.js:54:9)
    at tryCatch (F:\Study Material\ExpressNodejs\bookstore\node_modules\@babel\runtime\helpers\regeneratorRuntime.js:86:17)
    at Generator._invoke (F:\Study Material\ExpressNodejs\bookstore\node_modules\@babel\runtime\helpers\regeneratorRuntime.js:66:24)
    at Generator.next (F:\Study Material\ExpressNodejs\bookstore\node_modules\@babel\runtime\helpers\regeneratorRuntime.js:117:21)
    at asyncGeneratorStep (F:\Study Material\ExpressNodejs\bookstore\node_modules\@babel\runtime\helpers\asyncToGenerator.js:3:24)
    at _next (F:\Study Material\ExpressNodejs\bookstore\node_modules\@babel\runtime\helpers\asyncToGenerator.js:25:9)
    at processTicksAndRejections (node:internal/process/task_queues:96:5) 
    url - /api/v1/users/login 
    method - POST 
    IP - ::1
   {"timestamp":"2022-06-03T12:08:04.243Z"}
error: 
    status - 500 
    message - Error: User not Registered
    at _callee3$ (F:\Study Material\ExpressNodejs\bookstore\src\services\/user.service.js:54:9)
    at tryCatch (F:\Study Material\ExpressNodejs\bookstore\node_modules\@babel\runtime\helpers\regeneratorRuntime.js:86:17)
    at Generator._invoke (F:\Study Material\ExpressNodejs\bookstore\node_modules\@babel\runtime\helpers\regeneratorRuntime.js:66:24)
    at Generator.next (F:\Study Material\ExpressNodejs\bookstore\node_modules\@babel\runtime\helpers\regeneratorRuntime.js:117:21)
    at asyncGeneratorStep (F:\Study Material\ExpressNodejs\bookstore\node_modules\@babel\runtime\helpers\asyncToGenerator.js:3:24)
    at _next (F:\Study Material\ExpressNodejs\bookstore\node_modules\@babel\runtime\helpers\asyncToGenerator.js:25:9)
    at processTicksAndRejections (node:internal/process/task_queues:96:5) 
    url - /api/v1/users/login 
    method - POST 
    IP - ::1
   {"timestamp":"2022-06-03T12:10:15.170Z"}
info: Server started at http://localhost:3003/api/v1/ {"timestamp":"2022-06-03T12:14:18.748Z"}
info: Connected to the database. {"timestamp":"2022-06-03T12:14:18.778Z"}
error: 
    status - 500 
    message - Error: Email is not registered
    at _callee4$ (F:\Study Material\ExpressNodejs\bookstore\src\services\/user.service.js:70:11)
    at tryCatch (F:\Study Material\ExpressNodejs\bookstore\node_modules\@babel\runtime\helpers\regeneratorRuntime.js:86:17)
    at Generator._invoke (F:\Study Material\ExpressNodejs\bookstore\node_modules\@babel\runtime\helpers\regeneratorRuntime.js:66:24)
    at Generator.next (F:\Study Material\ExpressNodejs\bookstore\node_modules\@babel\runtime\helpers\regeneratorRuntime.js:117:21)
    at asyncGeneratorStep (F:\Study Material\ExpressNodejs\bookstore\node_modules\@babel\runtime\helpers\asyncToGenerator.js:3:24)
    at _next (F:\Study Material\ExpressNodejs\bookstore\node_modules\@babel\runtime\helpers\asyncToGenerator.js:25:9)
    at processTicksAndRejections (node:internal/process/task_queues:96:5) 
    url - /api/v1/users/forget 
    method - POST 
    IP - ::1
   {"timestamp":"2022-06-03T12:14:45.977Z"}
info: Server started at http://localhost:3003/api/v1/ {"timestamp":"2022-06-03T12:19:44.648Z"}
info: Connected to the database. {"timestamp":"2022-06-03T12:19:44.695Z"}
info: Server started at http://localhost:3003/api/v1/ {"timestamp":"2022-06-03T12:22:03.807Z"}
info: Connected to the database. {"timestamp":"2022-06-03T12:22:03.836Z"}
info: Server started at http://localhost:3003/api/v1/ {"timestamp":"2022-06-03T12:22:31.918Z"}
info: Connected to the database. {"timestamp":"2022-06-03T12:22:31.951Z"}
info: Server started at http://localhost:3003/api/v1/ {"timestamp":"2022-06-03T12:25:07.728Z"}
info: Connected to the database. {"timestamp":"2022-06-03T12:25:07.776Z"}
info: Server started at http://localhost:3003/api/v1/ {"timestamp":"2022-06-03T12:26:56.655Z"}
info: Connected to the database. {"timestamp":"2022-06-03T12:26:56.686Z"}
info: Server started at http://localhost:3003/api/v1/ {"timestamp":"2022-06-03T12:27:08.712Z"}
info: Connected to the database. {"timestamp":"2022-06-03T12:27:08.756Z"}
info: Server started at http://localhost:3003/api/v1/ {"timestamp":"2022-06-03T12:27:19.491Z"}
info: Connected to the database. {"timestamp":"2022-06-03T12:27:19.545Z"}
info: Server started at http://localhost:3003/api/v1/ {"timestamp":"2022-06-03T12:28:34.336Z"}
info: Connected to the database. {"timestamp":"2022-06-03T12:28:34.391Z"}
error: 
    status - 500 
    message - Error: password does not match
    at _callee3$ (F:\Study Material\ExpressNodejs\bookstore\src\services\/user.service.js:50:12)
    at tryCatch (F:\Study Material\ExpressNodejs\bookstore\node_modules\@babel\runtime\helpers\regeneratorRuntime.js:86:17)
    at Generator._invoke (F:\Study Material\ExpressNodejs\bookstore\node_modules\@babel\runtime\helpers\regeneratorRuntime.js:66:24)
    at Generator.next (F:\Study Material\ExpressNodejs\bookstore\node_modules\@babel\runtime\helpers\regeneratorRuntime.js:117:21)
    at asyncGeneratorStep (F:\Study Material\ExpressNodejs\bookstore\node_modules\@babel\runtime\helpers\asyncToGenerator.js:3:24)
    at _next (F:\Study Material\ExpressNodejs\bookstore\node_modules\@babel\runtime\helpers\asyncToGenerator.js:25:9)
    at processTicksAndRejections (node:internal/process/task_queues:96:5) 
    url - /api/v1/users/login 
    method - POST 
    IP - ::1
   {"timestamp":"2022-06-03T12:29:00.260Z"}
info: Server started at http://localhost:3003/api/v1/ {"timestamp":"2022-06-03T12:30:54.871Z"}
info: Connected to the database. {"timestamp":"2022-06-03T12:30:54.921Z"}
info: Server started at http://localhost:3003/api/v1/ {"timestamp":"2022-06-03T12:31:06.145Z"}
info: Connected to the database. {"timestamp":"2022-06-03T12:31:06.178Z"}
info: Server started at http://localhost:3003/api/v1/ {"timestamp":"2022-06-03T12:31:27.174Z"}
info: Connected to the database. {"timestamp":"2022-06-03T12:31:27.210Z"}
info: Server started at http://localhost:3003/api/v1/ {"timestamp":"2022-06-03T12:32:06.592Z"}
info: Connected to the database. {"timestamp":"2022-06-03T12:32:06.628Z"}
info: Server started at http://localhost:3003/api/v1/ {"timestamp":"2022-06-03T12:33:09.812Z"}
info: Connected to the database. {"timestamp":"2022-06-03T12:33:09.872Z"}
info: Server started at http://localhost:3003/api/v1/ {"timestamp":"2022-06-03T12:35:00.469Z"}
info: Connected to the database. {"timestamp":"2022-06-03T12:35:00.548Z"}
info: Server started at http://localhost:3003/api/v1/ {"timestamp":"2022-06-03T12:35:13.994Z"}
info: Connected to the database. {"timestamp":"2022-06-03T12:35:14.067Z"}
info: Server started at http://localhost:3003/api/v1/ {"timestamp":"2022-06-03T12:38:34.674Z"}
info: Connected to the database. {"timestamp":"2022-06-03T12:38:34.708Z"}
info: Server started at http://localhost:3003/api/v1/ {"timestamp":"2022-06-03T12:42:01.978Z"}
info: Connected to the database. {"timestamp":"2022-06-03T12:42:02.009Z"}
info: Server started at http://localhost:3003/api/v1/ {"timestamp":"2022-06-03T12:47:55.895Z"}
info: Connected to the database. {"timestamp":"2022-06-03T12:47:55.925Z"}
info: Server started at http://localhost:3003/api/v1/ {"timestamp":"2022-06-03T12:48:09.798Z"}
info: Connected to the database. {"timestamp":"2022-06-03T12:48:09.832Z"}
info: Server started at http://localhost:3003/api/v1/ {"timestamp":"2022-06-03T12:49:11.821Z"}
info: Connected to the database. {"timestamp":"2022-06-03T12:49:11.853Z"}
info: Server started at http://localhost:3003/api/v1/ {"timestamp":"2022-06-03T12:50:00.079Z"}
info: Connected to the database. {"timestamp":"2022-06-03T12:50:00.116Z"}
info: Server started at http://localhost:3003/api/v1/ {"timestamp":"2022-06-03T12:50:16.406Z"}
info: Connected to the database. {"timestamp":"2022-06-03T12:50:16.436Z"}
info: Server started at http://localhost:3003/api/v1/ {"timestamp":"2022-06-03T13:00:17.812Z"}
info: Connected to the database. {"timestamp":"2022-06-03T13:00:17.857Z"}
info: Server started at http://localhost:3003/api/v1/ {"timestamp":"2022-06-03T13:00:41.275Z"}
info: Connected to the database. {"timestamp":"2022-06-03T13:00:41.309Z"}
info: Server started at http://localhost:3003/api/v1/ {"timestamp":"2022-06-03T13:01:22.231Z"}
info: Connected to the database. {"timestamp":"2022-06-03T13:01:22.269Z"}
info: Server started at http://localhost:3003/api/v1/ {"timestamp":"2022-06-03T13:01:43.577Z"}
info: Connected to the database. {"timestamp":"2022-06-03T13:01:43.638Z"}
info: Server started at http://localhost:3003/api/v1/ {"timestamp":"2022-06-03T13:02:06.961Z"}
info: Connected to the database. {"timestamp":"2022-06-03T13:02:07.001Z"}
info: Server started at http://localhost:3003/api/v1/ {"timestamp":"2022-06-03T13:02:28.234Z"}
info: Connected to the database. {"timestamp":"2022-06-03T13:02:28.278Z"}
info: Server started at http://localhost:3003/api/v1/ {"timestamp":"2022-06-03T13:05:32.785Z"}
info: Connected to the database. {"timestamp":"2022-06-03T13:05:32.833Z"}
